(15, 7, 31),0,[-596, 764, -507],3579
(15, 7, 31),0,[-552, 755, -448],3447
(15, 7, 32),0,[-568, 754, -468],3492
(15, 7, 32),0,[-578, 734, -511],4235
(15, 7, 33),0,[-575, 705, -538],5092
(15, 7, 33),0,[-577, 696, -541],5478
(15, 7, 33),0,[-585, 689, -553],6337
(15, 7, 34),0,[-582, 681, -572],6472
(15, 7, 34),0,[-581, 674, -565],6749
(15, 7, 35),0,[-593, 670, -563],7374
(15, 7, 35),0,[-593, 663, -564],7303
(15, 7, 35),0,[-597, 667, -562],7334
(15, 7, 36),0,[-590, 662, -565],7590
(15, 7, 37),0,[-595, 667, -566],7919
(15, 7, 37),0,[-598, 671, -563],7725
(15, 7, 38),0,[-594, 671, -560],6954
(15, 7, 38),0,[-596, 680, -551],6387
(15, 7, 38),0,[-602, 672, -565],6566
(15, 7, 39),0,[-600, 674, -560],6639
(15, 7, 39),0,[-591, 675, -550],6397
(15, 7, 40),0,[-606, 672, -550],6559
(15, 7, 40),0,[-601, 678, -542],6390
(15, 7, 41),0,[-593, 696, -536],5285
(15, 7, 41),0,[-601, 695, -511],5673
(15, 7, 42),0,[-599, 709, -520],4769
(15, 7, 42),0,[-597, 710, -507],4647
(15, 7, 43),0,[-591, 709, -512],4531
(15, 7, 43),0,[-590, 718, -501],4073
(15, 7, 43),0,[-586, 726, -495],3820
(15, 7, 44),0,[-587, 717, -499],3962
(15, 7, 44),0,[-598, 708, -518],4202
(15, 7, 45),0,[-596, 701, -508],4228
(15, 7, 45),0,[-577, 665, -439],3394
(15, 7, 46),0,[-505, 721, -594],3367
(15, 7, 46),0,[-539, 653, -563],3079
(15, 14, 31),0,[92, 110, -1014],4385
(15, 14, 31),0,[77, 78, -1019],32592
(15, 14, 32),0,[95, 55, -1016],32596
(15, 14, 32),0,[353, -105, -632],32590
(15, 14, 33),0,[990, -650, -9],32585
(15, 14, 33),0,[1117, -483, 114],32582
(15, 14, 33),0,[758, -168, -178],32570
(15, 14, 34),0,[1256, -615, -161],32584
(15, 14, 34),0,[936, -765, -210],32566
(15, 14, 35),0,[-87, -817, -392],32574
(15, 14, 35),0,[-185, -911, -317],32548
(15, 14, 36),0,[-285, -966, -271],32522
(15, 14, 36),0,[-486, -1006, -268],32537
(15, 14, 37),0,[-656, -830, -163],32516
(15, 14, 37),0,[-696, -813, -187],32664
(15, 14, 38),0,[-7, -404, -112],32512
(15, 14, 38),0,[1108, -396, -237],32538
(15, 14, 38),0,[851, -435, -288],32555
(15, 14, 39),0,[702, -656, -173],32540
(15, 14, 39),0,[738, -773, -30],32553
(15, 14, 40),0,[570, -823, -9],32566
(15, 14, 40),0,[810, -695, -51],32563
(15, 14, 41),0,[847, -395, 180],32527
(15, 14, 41),0,[922, -494, 209],32587
(15, 14, 42),0,[630, -173, -1007],32777
(15, 14, 42),0,[533, -300, -793],32755
(15, 14, 43),0,[486, -329, -619],32641
(15, 14, 43),0,[676, 47, 52],32546
(15, 14, 43),0,[693, -385, -129],32537
(15, 14, 44),0,[936, -337, 20],32536
(15, 14, 44),0,[1656, -873, -29],32528
(15, 14, 45),0,[927, -417, 223],32507
(15, 14, 45),0,[733, -430, -219],32515
(15, 14, 46),0,[849, -336, -347],32573
(15, 14, 46),0,[993, -677, -181],32613
(15, 14, 47),0,[394, -888, 160],32656
(15, 14, 47),0,[144, -833, 225],32811
(15, 14, 48),0,[248, -852, 276],32794
(15, 14, 48),0,[404, -785, 509],30382
(15, 14, 48),0,[496, -695, 517],27612
(15, 14, 49),0,[671, -431, 664],27650
(15, 14, 49),0,[645, -1065, 143],27933
(15, 14, 50),0,[588, -491, 242],27953
(15, 14, 50),0,[576, -802, 154],27794
(15, 14, 51),0,[832, -542, -130],28174
(15, 14, 51),0,[661, -841, 381],28032
(15, 14, 52),0,[1032, -407, -84],28534
(15, 14, 52),0,[1362, -802, -195],29014
(15, 14, 53),0,[894, -193, 145],29140
(15, 14, 53),0,[732, -577, -228],29231
(15, 14, 54),0,[768, -303, 83],29445
(15, 14, 54),0,[1073, -438, -217],29355
(15, 14, 54),0,[984, -675, -147],29362
(15, 14, 55),0,[856, -212, 123],29373
(15, 14, 55),0,[515, -479, -294],29304
(15, 14, 56),0,[1005, -336, -61],29128
(15, 14, 57),0,[1047, -702, -297],28970
(15, 14, 57),8,[906, -472, 57],28998
(15, 14, 57),8,[207, -629, 195],29300
(15, 14, 58),10,[189, -1145, 607],30593
(15, 14, 58),10,[451, -1058, 474],31694
(15, 14, 59),10,[212, -1046, 356],32642
(15, 14, 59),12,[374, -936, 98],31909
(15, 14, 59),12,[-7, -683, 160],31762
(15, 15, 0),14,[227, -867, 109],31850
(15, 15, 0),14,[535, -1128, -70],31954
(15, 15, 1),16,[390, -956, -42],31575
(15, 15, 2),16,[53, -884, -89],31375
(15, 15, 2),18,[267, -860, 111],31248
(15, 15, 2),18,[372, -1215, 15],31070
(15, 15, 3),18,[256, -1185, 162],30580
(15, 15, 3),20,[296, -708, -53],29975
(15, 15, 4),20,[855, -463, 66],29956
(15, 15, 4),22,[1222, -304, 26],29972
(15, 15, 4),22,[941, -1221, 20],29389
(15, 15, 5),24,[130, -376, -305],29635
(15, 15, 5),24,[875, -977, 979],31503
(15, 15, 6),26,[370, -701, -347],30851
(15, 15, 6),26,[1755, -849, -43],30805
(15, 15, 7),28,[432, -476, -126],30745
(15, 15, 7),28,[755, -634, -812],29850
(15, 15, 8),28,[517, -272, -698],32487
(15, 15, 8),28,[588, -277, -654],32586
(15, 15, 8),28,[581, -330, -912],32552
(15, 15, 9),28,[249, 131, -521],32370
(15, 15, 9),28,[504, -249, -1410],32366
(15, 15, 10),28,[987, -525, -833],32452
(15, 15, 10),28,[618, -249, -599],32531
(15, 15, 11),28,[2047, -73, -164],32693
(15, 15, 11),28,[-74, -315, -475],32739
(15, 15, 12),28,[783, -362, -513],32696
(15, 15, 12),28,[220, -355, -458],32690
(15, 15, 13),28,[1018, -1256, 469],32609
(15, 15, 13),36,[830, -712, 87],32549
(15, 15, 13),36,[671, -616, -545],32494
(15, 15, 14),36,[829, -351, -251],32429
(15, 15, 14),36,[626, -524, -311],32425
(15, 15, 15),36,[447, -343, -299],32432
(15, 15, 15),36,[-38, -323, -72],32440
(15, 15, 16),36,[23, -165, -166],32483
(15, 15, 16),36,[1604, -625, -124],32539
(15, 15, 17),36,[-50, -124, -17],32744
(15, 15, 17),36,[573, -305, -261],32689
(15, 15, 18),36,[1469, -1210, 63],32603
(15, 15, 18),44,[804, -768, -406],32311
(15, 15, 18),44,[774, -644, 121],32350
(15, 15, 19),44,[846, -331, -126],32380
(15, 15, 19),44,[731, -497, -429],32322
(15, 15, 20),44,[1170, -264, -438],32410
(15, 15, 20),44,[708, -359, -222],32389
(15, 15, 21),44,[524, -445, -165],32473
(15, 15, 21),44,[1544, 424, 706],32586
(15, 15, 22),44,[47, -314, -320],32718
(15, 15, 22),44,[948, -573, -343],32728
(15, 15, 23),44,[-114, -275, -168],32562
(15, 15, 23),44,[1879, -491, 362],32118
(15, 15, 24),52,[1195, -1353, -130],31983
(15, 15, 24),52,[233, 47, -604],32073
(15, 15, 24),52,[13, 99, -927],32540
(15, 15, 25),52,[8, -12, -765],32471
(15, 15, 25),54,[117, -14, -780],32279
(15, 15, 26),54,[1165, -233, -349],32209
(15, 15, 26),56,[921, -734, -173],32613
(15, 15, 27),56,[757, -188, -58],32517
(15, 15, 27),58,[710, -380, -84],32485
(15, 15, 28),58,[1259, -421, 18],32448
(15, 15, 28),58,[1057, -149, 79],32171
(15, 15, 29),58,[776, -579, -272],31749
(15, 15, 29),60,[634, -292, -15],31696
(15, 15, 29),60,[1131, -366, -134],31217
(15, 15, 30),60,[1084, -402, -117],31109
(15, 15, 30),62,[836, -155, 76],30877
(15, 15, 31),64,[799, -341, 32],30746
(15, 15, 31),64,[811, -406, -88],28759
(15, 15, 32),64,[969, -550, -184],27501
(15, 15, 32),66,[734, -177, 102],26585
(15, 15, 33),66,[821, -380, -286],24400
(15, 15, 33),68,[1274, -411, 119],22189
(15, 15, 34),68,[540, -238, -242],24245
(15, 15, 34),68,[855, -390, -178],21498
(15, 15, 34),70,[1529, -59, -20],21957
(15, 15, 35),70,[733, -413, -77],21892
(15, 15, 35),70,[1352, -393, -151],22205
(15, 15, 36),72,[1085, -285, 38],21277
(15, 15, 36),74,[747, -562, -311],21809
(15, 15, 37),74,[684, -163, 77],21635
(15, 15, 37),74,[2047, -527, 11],21803
(15, 15, 38),76,[2047, -668, -15],21176
(15, 15, 38),76,[661, -109, -130],21876
(15, 15, 39),78,[1564, -726, -94],18894
(15, 15, 39),78,[779, -34, 22],21777
(15, 15, 39),80,[800, -560, -205],20798
(15, 15, 40),80,[1418, -348, 10],20809
(15, 15, 40),80,[1420, -335, -13],21647
(15, 15, 41),82,[392, -168, 21],23972
(15, 15, 42),84,[832, -563, -295],20876
(15, 15, 42),84,[1702, -470, 26],22406
(15, 15, 42),84,[1216, -356, -265],22574
(15, 15, 43),86,[837, -742, 97],22304
(15, 15, 43),86,[586, -101, 30],25490
(15, 15, 44),88,[948, -533, -112],23720
(15, 15, 44),88,[1394, -275, 256],24795
(15, 15, 45),88,[485, -877, -158],27371
(15, 15, 45),90,[192, -579, 13],27105
(15, 15, 45),90,[919, -464, -188],30872
(15, 15, 46),92,[1265, -695, -174],30022
(15, 15, 47),94,[707, -130, -25],30830
(15, 15, 47),94,[625, -548, -185],30070
(15, 15, 47),96,[1166, -388, -55],30529
(15, 15, 48),96,[1338, -370, -74],31007
(15, 15, 48),96,[962, -735, -285],30590
(15, 15, 49),98,[756, -378, 112],31009
(15, 15, 49),98,[484, -778, -79],31511
(15, 15, 50),100,[531, -1182, 82],31667
(15, 15, 50),100,[535, -944, -15],31584
(15, 15, 50),100,[229, -772, -293],31549
(15, 15, 51),102,[409, -827, -397],31494
(15, 15, 52),102,[532, -1119, -140],31768
(15, 15, 52),104,[1034, -379, 54],31677
(15, 15, 53),104,[626, -267, -317],31584
(15, 15, 53),106,[1237, -399, -22],31697
(15, 15, 53),106,[1291, -227, -40],31773
(15, 15, 54),108,[862, -718, -359],31568
(15, 15, 54),108,[666, -160, 86],31668
(15, 15, 55),110,[1129, -449, -256],30959
(15, 15, 55),110,[1134, -463, -58],30715
(15, 15, 56),110,[842, -145, 138],30300
(15, 15, 56),112,[854, -221, 59],30316
(15, 15, 57),112,[1229, -275, -133],30059
(15, 15, 57),114,[1350, -663, -309],30018
(15, 15, 58),114,[759, -181, 74],29937
(15, 15, 58),114,[729, -403, -268],29822
(15, 15, 58),116,[1182, -471, -144],30183
(15, 15, 59),116,[1331, -242, -20],30004
(15, 15, 59),116,[864, -524, -292],29782
(15, 16, 0),118,[796, -242, -19],30063
(15, 16, 0),118,[1129, -344, -207],30086
(15, 16, 1),120,[1500, -755, -210],29869
(15, 16, 1),120,[801, -548, -269],29809
(15, 16, 2),122,[1152, -397, -74],30213
(15, 16, 2),122,[1364, -1034, -261],30138
(15, 16, 3),122,[121, -161, -979],30130
(15, 16, 3),122,[47, 65, -793],31499
(15, 16, 4),124,[159, 63, -860],31208
(15, 16, 4),124,[121, -76, -1097],29785
(15, 16, 4),124,[182, -144, -1082],29995
(15, 16, 5),126,[27, 33, -859],30011
(15, 16, 5),126,[139, -94, -694],30224
(15, 16, 6),126,[1688, -259, -114],31304
(15, 16, 6),128,[732, -111, 113],31870
(15, 16, 7),130,[615, -517, -222],31908
(15, 16, 7),130,[1282, -367, -10],32005
(15, 16, 8),130,[1258, -319, -106],32040
(15, 16, 8),132,[1100, -752, -392],31842
(15, 16, 9),132,[807, -254, 32],32046
(15, 16, 9),132,[961, -395, -246],31976
(15, 16, 9),134,[1093, -454, -42],32007
(15, 16, 10),134,[1034, -394, -71],32138
(15, 16, 10),134,[-179, -858, -275],31867
(15, 16, 11),134,[-553, -179, -297],31580
(15, 16, 12),136,[-912, -447, -324],31806
(15, 16, 12),136,[372, -638, -326],31935
(15, 16, 12),138,[454, -657, 47],31412
(15, 16, 13),138,[1417, -302, -42],31973
(15, 16, 13),138,[1241, -406, -151],31899
(15, 16, 14),140,[991, -799, -185],31439
(15, 16, 14),140,[702, -173, 31],31871
(15, 16, 15),142,[752, -388, -142],31619
(15, 16, 15),142,[1331, -563, -143],31638
(15, 16, 15),142,[1307, -179, 64],31886
(15, 16, 16),142,[983, -762, -374],31429
(15, 16, 17),144,[814, -347, -219],31648
(15, 16, 17),146,[1114, -500, -98],31681
(15, 16, 17),146,[783, -171, -15],31826
(15, 16, 18),148,[754, -655, -286],31662
(15, 16, 18),148,[922, -250, 109],31871
(15, 16, 19),148,[1282, -342, -370],32054
(15, 16, 19),150,[1396, -694, -241],31790
(15, 16, 20),150,[730, -168, 137],32012
(15, 16, 20),150,[752, -515, -313],31920
(15, 16, 20),152,[1138, -483, -125],31990
(15, 16, 21),152,[1186, -170, 2],32079
(15, 16, 22),154,[709, -174, 32],32079
(15, 16, 22),154,[1029, -444, -266],32112
(15, 16, 23),156,[1179, -596, -95],32007
(15, 16, 23),156,[800, -179, 124],32262
(15, 16, 23),156,[793, -597, -277],32123
(15, 16, 24),158,[843, -225, 67],32284
(15, 16, 24),158,[1111, -360, -181],32240
(15, 16, 25),160,[1639, -792, -300],32207
(15, 16, 25),160,[765, -150, 104],32289
(15, 16, 26),162,[821, -530, -246],32259
(15, 16, 26),162,[1255, -415, -31],32326
(15, 16, 27),162,[966, -694, -158],32243
(15, 16, 27),164,[763, -167, 77],32460
(15, 16, 28),164,[852, -508, -239],32346
(15, 16, 28),166,[1343, -488, -80],32393
(15, 16, 28),166,[1219, -210, -19],32486
(15, 16, 29),166,[1035, -807, -381],32385
(15, 16, 29),168,[751, -204, 51],32474
(15, 16, 30),168,[892, -399, -195],32461
(15, 16, 30),170,[1182, -489, -88],32471
(15, 16, 31),170,[1083, -152, 104],32530
(15, 16, 31),172,[866, -669, -302],32451
(15, 16, 32),172,[1108, -513, -247],32477
(15, 16, 32),174,[1346, -558, -64],32481
(15, 16, 33),174,[857, -104, 90],32459
(15, 16, 33),176,[712, -596, -249],32483
(15, 16, 34),176,[947, -244, 35],32446
(15, 16, 34),176,[1173, -345, -111],32457
(15, 16, 34),178,[1919, -805, -343],32455
(15, 16, 35),178,[891, -168, 120],32437
(15, 16, 35),178,[828, -496, -320],32433
(15, 16, 36),180,[880, -219, -18],32448
(15, 16, 36),180,[990, -360, -249],32435
(15, 16, 37),182,[799, -159, 84],32435
(15, 16, 37),182,[717, -459, -173],32425
(15, 16, 38),184,[1335, -449, -96],32446
(15, 16, 38),184,[1202, -241, -5],32433
(15, 16, 39),186,[936, -837, -374],32452
(15, 16, 39),186,[839, -199, 75],32404
(15, 16, 39),186,[988, -383, -259],32388
(15, 16, 40),188,[1179, -439, 50],32448
(15, 16, 40),188,[886, -124, 64],32439
(15, 16, 41),188,[883, -750, -370],32413
(15, 16, 41),190,[749, -165, 67],32474
(15, 16, 42),192,[1029, -373, 49],32468
(15, 16, 42),192,[991, -190, 58],32497
(15, 16, 43),192,[811, -546, -300],32484
(15, 16, 43),194,[704, -232, 28],32473
(15, 16, 44),194,[1112, -343, -186],32471
(15, 16, 44),196,[1611, -718, -255],32489
(15, 16, 45),196,[886, -157, 10],32442
(15, 16, 45),196,[730, -475, -294],32471
(15, 16, 45),198,[875, -325, 17],32486
(15, 16, 46),198,[940, -339, -105],32469
(15, 16, 46),198,[1059, -596, -219],32454
(15, 16, 47),200,[756, -476, -263],32437
(15, 16, 48),202,[1238, -318, -42],32444
(15, 16, 48),202,[1129, -275, -62],32464
(15, 16, 48),204,[1041, -812, -429],32441
(15, 16, 49),204,[778, -214, 63],32458
(15, 16, 49),204,[963, -361, -243],32433
(15, 16, 50),206,[1116, -481, -19],32454
(15, 16, 50),206,[816, -136, 140],32431
(15, 16, 50),206,[888, -679, -288],32432
(15, 16, 51),208,[889, -221, 37],32442
(15, 16, 51),208,[1274, -281, -114],32432
(15, 16, 52),210,[751, -100, 107],32421
(15, 16, 53),212,[764, -497, -265],32416
(15, 16, 53),212,[1093, -303, 69],32448
(15, 16, 53),212,[1092, -330, -152],32451
(15, 16, 54),214,[1050, -802, -318],32436
(15, 16, 54),214,[721, -163, 60],32391
(15, 16, 55),216,[746, -356, -289],32390
(15, 16, 55),216,[1419, -521, -123],32422
(15, 16, 56),216,[1198, -158, 70],32411
(15, 16, 56),216,[845, -600, -382],32383
(15, 16, 56),218,[817, -218, 46],32411
(15, 16, 57),220,[1151, -540, -61],32405
(15, 16, 58),220,[758, -115, 132],32436
(15, 16, 58),220,[751, -562, -276],32391
(15, 16, 58),222,[889, -288, 12],32411
(15, 16, 59),222,[1211, -363, -119],32457
(15, 16, 59),224,[1411, -542, -89],32415
(15, 17, 0),224,[753, -138, 103],32415
(15, 17, 0),224,[885, -728, -381],32402
(15, 17, 1),226,[892, -199, 82],32447
(15, 17, 1),226,[1477, -359, -179],32398
(15, 17, 2),228,[1648, -891, -302],32434
(15, 17, 2),230,[862, -556, -318],32404
(15, 17, 3),230,[1241, -295, 43],32448
(15, 17, 3),230,[1065, -310, -136],32479
(15, 17, 4),232,[1038, -791, -228],32457
(15, 17, 4),232,[716, -158, 99],32457
(15, 17, 5),234,[836, -489, -270],32445
(15, 17, 5),234,[1304, -506, -127],32502
(15, 17, 5),234,[1121, -153, 104],32463
(15, 17, 6),234,[973, -719, -307],32474
(15, 17, 6),236,[816, -199, 48],32456
(15, 17, 7),236,[1253, -413, -206],32451
(15, 17, 7),238,[828, -125, 130],32461
(15, 17, 8),240,[817, -532, -255],32432
(15, 17, 8),240,[1023, -298, -27],32473
(15, 17, 9),240,[1076, -344, -131],32484
(15, 17, 9),242,[1072, -807, -284],32459
(15, 17, 10),242,[814, -218, 64],32476
(15, 17, 10),242,[906, -370, -242],32445
(15, 17, 10),244,[1350, -424, -19],32493
(15, 17, 11),244,[892, -122, 110],32504
(15, 17, 11),246,[808, -558, -274],32477
(15, 17, 12),246,[857, -241, 46],32458
(15, 17, 13),248,[1048, -717, -140],32491
(15, 17, 13),248,[555, -53, -4],32514
(15, 17, 13),250,[862, -508, 84],32472
(15, 17, 14),250,[1751, -569, -15],32422
(15, 17, 14),250,[1105, -49, 29],32557
(15, 17, 15),252,[896, -721, -123],32465
(15, 17, 15),252,[889, -205, 40],32536
(15, 17, 16),252,[1536, -383, -176],32550
(15, 17, 16),254,[1314, -849, -281],32497
(15, 17, 16),254,[1235, -148, 72],32574
(15, 17, 17),256,[739, -514, -246],32513
(15, 17, 18),256,[1256, -380, -174],32521
(15, 17, 18),258,[1175, -758, -192],32499
(15, 17, 19),258,[783, -216, 46],32525
(15, 17, 19),258,[942, -314, -184],32527
(15, 17, 19),260,[1278, -522, -113],32481
(15, 17, 20),260,[891, -161, 103],32498
(15, 17, 20),262,[688, -522, -268],32529
(15, 17, 21),262,[853, -260, 105],32446
(15, 17, 21),262,[1234, -334, -78],32507
(15, 17, 22),264,[1046, -720, -295],32513
(15, 17, 22),264,[780, -181, 117],32494
(15, 17, 23),266,[1449, -381, -12],32432
(15, 17, 23),266,[945, -124, 88],32530
(15, 17, 24),268,[736, -550, -314],32483
(15, 17, 24),268,[869, -263, 100],32527
(15, 17, 24),268,[1085, -271, -75],32522
(15, 17, 25),270,[1082, -724, -222],32479
(15, 17, 25),270,[722, -155, 102],32551
(15, 17, 26),272,[772, -418, -250],32463
(15, 17, 26),272,[1363, -472, -13],32527
(15, 17, 27),272,[1321, -134, 91],32538
(15, 17, 27),274,[958, -577, -241],32470
(15, 17, 28),274,[1178, -389, -211],32451
(15, 17, 28),276,[1474, -699, -260],32436
(15, 17, 29),276,[695, -120, 80],32486
(15, 17, 29),278,[663, -463, -218],32453
(15, 17, 30),278,[1395, -480, -4],32448
(15, 17, 30),278,[1075, -179, -33],32502
(15, 17, 30),278,[982, -748, -373],32472
(15, 17, 31),280,[760, -218, 104],32519
(15, 17, 31),280,[1226, -501, -284],32508
(15, 17, 32),282,[1292, -463, -59],32420
(15, 17, 32),282,[903, -87, 130],32494
(15, 17, 33),284,[767, -223, 78],32521
(15, 17, 33),284,[1348, -352, -150],32514
(15, 17, 34),286,[1324, -499, 45],32525
(15, 17, 34),286,[1242, -100, 89],32514
(15, 17, 35),288,[859, -596, -188],32460
(15, 17, 35),288,[721, -165, 36],32493
(15, 17, 36),288,[1089, -345, -214],32467
(15, 17, 36),290,[1168, -776, -301],32446
(15, 17, 36),290,[989, -123, 99],32522
(15, 17, 37),292,[549, -447, -256],32453
(15, 17, 37),292,[1070, -320, 212],32564
(15, 17, 38),294,[981, -452, -188],32510
(15, 17, 39),294,[1014, -623, 52],32435
(15, 17, 39),294,[231, 46, -888],31789
(15, 17, 39),294,[180, -174, -1399],31370
(15, 17, 40),296,[285, 210, -843],31357
(15, 17, 40),296,[1102, -753, -314],31864
(15, 17, 41),298,[1105, -243, 32],31969
(15, 17, 41),298,[1356, -231, -86],32055
(15, 17, 41),298,[875, -754, -127],32013
(15, 17, 42),300,[744, -110, 106],32079
(15, 17, 42),300,[919, -545, -208],31985
(15, 17, 43),302,[493, -524, -729],31661
(15, 17, 44),302,[-52, 119, -1128],31278
(15, 17, 44),304,[-18, 36, -765],31315
(15, 17, 44),304,[197, -95, -893],31368
(15, 17, 45),304,[124, -301, -1131],31297
(15, 17, 45),306,[536, -32, -747],31340
(15, 17, 46),306,[883, -275, -436],31773
(15, 17, 46),308,[860, -275, -114],31922
(15, 17, 47),308,[1237, -271, -91],32039
(15, 17, 47),308,[1167, -683, -237],31997
(15, 17, 47),310,[833, -139, 123],32079
(15, 17, 49),314,[624, -413, -260],32117
(15, 17, 49),314,[1541, -727, -226],32132
(15, 17, 50),314,[748, -202, 72],32195
(15, 17, 50),314,[1283, -214, 24],32255
(15, 17, 50),316,[692, -467, -302],32212
(15, 17, 51),316,[1323, -446, -141],32198
(15, 17, 51),316,[1276, -175, 17],32302
(15, 17, 51),318,[903, -524, -246],32291
(15, 17, 52),318,[821, -198, 39],32329
(15, 17, 52),318,[1245, -289, -100],32409
(15, 17, 53),320,[1008, -640, -189],32323
(15, 17, 53),320,[681, -398, -251],32435
(15, 17, 54),322,[1180, -452, 3],32439
(15, 17, 54),322,[998, -128, 100],32455
(15, 17, 55),324,[760, -581, -300],32406
(15, 17, 55),324,[740, -289, 47],32425
(15, 17, 56),324,[1157, -444, -130],32409
(15, 17, 56),326,[1034, -460, -152],32310
(15, 17, 56),326,[694, -179, 83],32350
(15, 17, 57),328,[865, -519, -229],32303
(15, 17, 57),328,[763, -277, 49],32327
(15, 17, 58),328,[1111, -340, -151],32344
(15, 17, 59),330,[721, -159, 55],32315
(15, 17, 59),332,[602, -366, -219],32281
(15, 18, 0),332,[1310, -609, -162],32285
(15, 18, 0),332,[1301, -174, 142],32390
(15, 18, 0),334,[743, -446, -314],32270
(15, 18, 1),334,[774, -262, 51],32281
(15, 18, 1),334,[1104, -254, -102],32324
(15, 18, 2),334,[1084, -580, -208],32277
(15, 18, 2),336,[730, -162, 92],32329
(15, 18, 3),336,[700, -300, -179],32316
(15, 18, 3),338,[1193, -422, -69],32297
(15, 18, 4),338,[893, -539, -282],32370
(15, 18, 4),340,[947, -301, 102],32401
(15, 18, 5),340,[1159, -259, -101],32464
(15, 18, 5),342,[1077, -654, -261],32414
(15, 18, 5),342,[761, -248, 60],32470
(15, 18, 6),342,[1242, -376, -254],32442
(15, 18, 6),344,[1377, -689, -318],32363
(15, 18, 7),344,[702, -145, 61],32436
(15, 18, 7),346,[610, -398, -197],32389
(15, 18, 8),346,[1393, -475, -15],32373
(15, 18, 8),346,[1376, -183, 125],32406
(15, 18, 9),348,[689, -258, 26],32367
(15, 18, 9),348,[1163, -320, -160],32424
(15, 18, 10),348,[1146, -570, -133],32433
(15, 18, 10),350,[771, -202, 84],32372
(15, 18, 11),350,[815, -349, -198],32366
(15, 18, 11),352,[1228, -466, -12],32407
(15, 18, 11),352,[850, -142, 115],32348
(15, 18, 12),354,[803, -599, -271],32378
(15, 18, 12),354,[890, -310, 165],32460
(15, 18, 13),354,[1237, -299, -125],32361
(15, 18, 13),354,[1014, -637, -211],32364
(15, 18, 14),356,[611, -301, -256],32314
(15, 18, 14),358,[939, -315, 69],32378
(15, 18, 15),358,[1133, -220, 39],32324
(15, 18, 15),358,[1003, -488, -242],32270
(15, 18, 16),360,[607, -236, 51],32357
(15, 18, 16),360,[1108, -348, -135],32320
(15, 18, 17),360,[1396, -549, -183],32304
(15, 18, 17),362,[714, -160, 36],32416
(15, 18, 17),362,[576, -340, -163],32370
(15, 18, 18),364,[1215, -503, -111],32364
(15, 18, 18),364,[932, -167, 37],32366
(15, 18, 19),366,[740, -236, 84],32372
(15, 18, 20),366,[934, -304, -163],32353
(15, 18, 20),368,[1834, -935, -383],32324
(15, 18, 20),368,[673, -80, 120],32399
(15, 18, 21),370,[783, -538, -233],32324
(15, 18, 21),370,[1262, -395, 75],32364
(15, 18, 22),370,[910, -141, 57],32481
(15, 18, 22),372,[707, -491, -207],32420
(15, 18, 23),372,[1283, -340, 48],32500
(15, 18, 23),372,[1372, -140, 7],32524
(15, 18, 23),374,[864, -705, -293],32450
(15, 18, 24),374,[1467, -418, -266],32504
(15, 18, 25),376,[1253, -759, -252],32482
(15, 18, 25),376,[766, -183, 69],32512
(15, 18, 25),376,[1110, -451, -189],32467
(15, 18, 26),378,[1425, -562, -173],32451
(15, 18, 26),378,[577, -146, 24],32445
(15, 18, 27),380,[935, -443, -182],32402
(15, 18, 27),380,[1459, -807, -203],32393
(15, 18, 28),380,[587, -251, -482],32079
(15, 18, 28),380,[171, -107, -825],31928
(15, 18, 28),382,[763, 31, -890],31741
(15, 18, 29),382,[699, -403, -680],31980
(15, 18, 30),382,[489, -484, -490],32091
(15, 18, 30),384,[1072, -427, -39],32145
(15, 18, 31),384,[764, -623, -412],32230
(15, 18, 31),384,[820, -252, 95],32321
(15, 18, 31),384,[1173, -281, -185],32336
(15, 18, 32),384,[1003, -539, -194],32270
(15, 18, 32),386,[907, -88, 81],32452
(15, 18, 33),386,[863, -375, -220],32407
(15, 18, 33),388,[1513, -456, 26],32395
(15, 18, 33),388,[798, -98, -46],32433
(15, 18, 34),390,[1196, -272, 114],32431
(15, 18, 35),390,[1456, -211, -82],32423
(15, 18, 35),392,[976, -932, -299],32354
(15, 18, 36),392,[960, -193, 167],32430
(15, 18, 36),392,[1703, -580, -182],32367
(15, 18, 36),394,[1315, -520, -88],32330
(15, 18, 37),394,[635, 119, 83],32410
(15, 18, 37),396,[881, -682, -142],32392
(15, 18, 38),396,[1931, -376, 99],32463
(15, 18, 38),396,[904, -59, -62],32443
(15, 18, 39),398,[773, -850, -318],32430
(15, 18, 39),398,[1662, -313, -168],32449
(15, 18, 40),400,[1456, -1107, -402],32447
(15, 18, 40),400,[620, -108, 161],32423
(15, 18, 41),402,[1164, -346, -270],32395
(15, 18, 41),402,[1665, -426, -9],32466
(15, 18, 42),402,[777, -120, 80],32431
(15, 18, 42),404,[848, -610, -317],32442
(15, 18, 42),404,[1067, -243, 152],32528
(15, 18, 43),404,[1363, -274, -159],32437
(15, 18, 43),406,[1572, -898, -314],32416
(15, 18, 44),406,[713, -109, 97],32451
(15, 18, 44),408,[1479, -346, 62],32535
(15, 18, 45),408,[1439, -91, -46],32467
(15, 18, 45),410,[897, -946, -306],32094
(15, 18, 46),410,[583, -221, -13],32111
(15, 18, 46),412,[890, -737, 61],32016
(15, 18, 47),412,[985, -674, -14],31874
(15, 18, 47),412,[982, -799, -33],31930
(15, 18, 47),414,[472, -397, 73],31830
(15, 18, 48),414,[709, -468, 80],31538
(15, 18, 48),414,[985, 506, -323],31246
(15, 18, 49),416,[1032, 432, -144],31282
(15, 18, 50),418,[677, -404, -95],31987
(15, 18, 50),418,[1521, -437, 174],32028
(15, 18, 50),418,[620, -53, -3],32089
(15, 18, 51),420,[597, -733, -196],31983
(15, 18, 51),420,[813, -222, 81],32205
(15, 18, 52),420,[2047, -778, -336],32038
(15, 18, 52),422,[1575, -927, -186],32065
(15, 18, 52),422,[453, 24, 10],32090
(15, 18, 53),424,[597, -565, -50],32093
(15, 18, 53),424,[1444, -371, -16],32196
(15, 18, 54),424,[1619, -182, 45],32201
(15, 18, 55),426,[655, -173, 26],32219
(15, 18, 55),426,[1518, -442, -180],32231
(15, 18, 55),428,[1273, -627, -141],32187
(15, 18, 56),428,[646, -45, 74],32224
(15, 18, 56),430,[452, -355, -140],32158
(15, 18, 57),430,[1452, -575, -92],32179
(15, 18, 57),430,[1135, -184, -45],32218
(15, 18, 58),432,[630, -477, -176],32135
(15, 18, 58),432,[1035, -301, -10],32178
(15, 18, 58),432,[1223, -287, -102],32201
(15, 18, 59),434,[1042, -693, -160],32119
(15, 19, 0),434,[801, -444, -176],32174
(15, 19, 0),436,[1418, -744, -208],32159
(15, 19, 0),436,[983, -148, 60],32176
(15, 19, 1),436,[626, -428, -165],32127
(15, 19, 1),438,[1246, -446, -32],32155
(15, 19, 2),438,[1094, -230, -64],32173
(15, 19, 2),438,[1078, -770, -280],32131
(15, 19, 3),440,[817, -224, 75],32186
(15, 19, 3),440,[1032, -379, -227],32158
(15, 19, 3),442,[1087, -550, -69],32212
(15, 19, 4),442,[1027, -178, 86],32230
(15, 19, 5),444,[847, -298, 8],32251
(15, 19, 5),444,[988, -287, -129],32263
(15, 19, 6),444,[1141, -723, -266],32218
(15, 19, 6),446,[804, -190, 53],32291
(15, 19, 6),446,[727, -348, -166],32299
(15, 19, 7),448,[1012, -656, -158],32293
(15, 19, 7),448,[1022, -99, 139],32316
(15, 19, 8),448,[936, -562, -296],32299
(15, 19, 8),450,[902, -333, 73],32347
(15, 19, 9),450,[966, -251, -107],32393
(15, 19, 9),450,[1056, -772, -254],32353
(15, 19, 10),452,[873, -517, -248],32440
(15, 19, 10),454,[1272, -655, -147],32437
(15, 19, 11),454,[856, -135, 110],32470
(15, 19, 11),454,[648, -516, -278],32468
(15, 19, 11),456,[1338, -447, -77],32467
(15, 19, 12),456,[1234, -185, -2],32490
(15, 19, 12),456,[1013, -574, -310],32458
(15, 19, 13),458,[738, -271, 19],32470
(15, 19, 13),458,[1007, -258, -121],32486
(15, 19, 13),458,[1104, -631, -267],32466
(15, 19, 14),460,[861, -224, 45],32471
(15, 19, 15),462,[1221, -628, -132],32482
(15, 19, 15),462,[959, -154, 94],32469
(15, 19, 15),462,[712, -428, -265],32502
(15, 19, 16),464,[1412, -542, -44],32475
(15, 19, 16),464,[1185, -111, 30],32507
(15, 19, 17),464,[950, -605, -187],32486
(15, 19, 17),466,[777, -241, 43],32525
(15, 19, 17),466,[1024, -292, -79],32568
(15, 19, 18),466,[1108, -872, -354],32568
(15, 19, 18),468,[922, -237, 102],32580
(15, 19, 19),468,[1270, -340, -116],32607
(15, 19, 20),470,[646, -81, -438],32309
(15, 19, 20),470,[15, 214, -861],31925
(15, 19, 20),472,[122, -67, -827],31831
(15, 19, 21),472,[2008, -787, 140],32347
(15, 19, 21),472,[1029, -819, -264],32396
(15, 19, 22),474,[771, -152, 207],32389
(15, 19, 22),474,[1526, -569, -249],32397
(15, 19, 22),474,[1449, -813, -274],32389
(15, 19, 23),476,[783, -136, 126],32408
(15, 19, 23),476,[848, -446, -205],32383
(15, 19, 24),478,[1170, -483, -99],32403
(15, 19, 24),478,[934, -574, -317],32377
(15, 19, 25),480,[734, -215, 40],32347
(15, 19, 25),480,[1056, -252, -104],32284
(15, 19, 26),480,[1141, -594, -155],32331
(15, 19, 26),482,[825, -218, 85],32123
(15, 19, 26),482,[1049, -380, -178],32156
(15, 19, 27),484,[1331, -786, -252],32261
(15, 19, 27),484,[883, -135, 137],32075
(15, 19, 28),486,[885, -524, -192],32167
(15, 19, 28),486,[1321, -366, -9],32218
(15, 19, 28),486,[1123, -170, 43],32121
(15, 19, 29),488,[875, -195, 59],32130
(15, 19, 30),488,[1255, -296, -100],32129
(15, 19, 30),490,[1097, -608, -191],32165
(15, 19, 30),490,[776, -168, 123],32079
(15, 19, 31),492,[786, -272, -182],32158
(15, 19, 31),492,[1349, -494, -153],32252
(15, 19, 32),492,[932, -135, 111],32275
(15, 19, 32),492,[915, -547, -271],32300
(15, 19, 33),494,[998, -314, 26],32345
(15, 19, 33),494,[930, -252, -131],32350
(15, 19, 33),494,[1133, -852, -341],32323
(15, 19, 34),496,[909, -357, -226],32386
(15, 19, 35),498,[1130, -673, -77],32374
(15, 19, 35),498,[973, -122, 162],32408
(15, 19, 35),498,[944, -609, -366],32396
(15, 19, 36),500,[882, -295, 26],32440
(15, 19, 36),500,[1097, -316, -176],32446
(15, 19, 37),502,[1195, -702, -276],32417
(15, 19, 37),502,[829, -177, 93],32472
(15, 19, 38),502,[771, -350, -197],32464
(15, 19, 38),504,[1223, -571, -84],32454
(15, 19, 38),504,[886, -95, 144],32476
(15, 19, 39),506,[899, -333, 13],32476
(15, 19, 40),506,[953, -242, -166],32441
(15, 19, 40),506,[1199, -879, -308],32400
(15, 19, 40),508,[898, -186, 102],32374
(15, 19, 41),508,[804, -346, -243],32386
(15, 19, 41),510,[1266, -543, -105],32364
(15, 19, 42),510,[913, -136, 91],32365
(15, 19, 42),510,[815, -547, -342],32319
(15, 19, 42),512,[898, -307, 6],32371
(15, 19, 43),512,[1119, -252, -77],32393
(15, 19, 43),512,[1075, -589, -311],32396
(15, 19, 44),514,[1079, -392, -192],32437
(15, 19, 44),516,[1347, -622, -197],32450
(15, 19, 45),516,[935, -125, 101],32429
(15, 19, 45),518,[1008, -662, -356],32423
(15, 19, 46),518,[752, -212, 56],32409
(15, 19, 46),518,[1189, -261, -64],32418
(15, 19, 47),518,[1089, -703, -175],32374
(15, 19, 47),520,[808, -170, 101],32477
(15, 19, 47),520,[621, -397, -275],32441
(15, 19, 48),522,[1357, -500, -74],32419
(15, 19, 48),522,[1110, -141, -178],32463
(15, 19, 49),524,[776, -205, 29],32480
(15, 19, 49),524,[1391, -304, -219],32506
(15, 19, 50),526,[1461, -817, -270],32473
(15, 19, 50),526,[778, -128, 22],32487
(15, 19, 51),526,[809, -495, -204],32499
(15, 19, 51),528,[1344, -484, -92],32475
(15, 19, 51),528,[978, -116, -88],32498
(15, 19, 52),530,[893, -737, -256],32473
(15, 19, 52),530,[1072, -268, 104],32494
(15, 19, 53),530,[1166, -256, -142],32506
(15, 19, 53),532,[1048, -789, -215],32494
(15, 19, 54),532,[863, -503, -197],32522
(15, 19, 54),534,[1306, -421, 35],32515
(15, 19, 55),534,[1218, -129, 12],32544
(15, 19, 55),536,[966, -771, -304],32535
(15, 19, 55),536,[759, -189, 92],32565
(15, 19, 56),536,[1405, -424, -140],32543
(15, 19, 56),538,[1218, -600, -157],32547
(15, 19, 57),538,[781, -172, 49],32540
(15, 19, 57),538,[601, -406, -224],32537
(15, 19, 58),540,[1326, -424, -10],32519
(15, 19, 58),540,[1301, -165, 4],32499
(15, 19, 59),542,[733, -232, 47],32476
(15, 19, 59),542,[1074, -322, -69],32503
(15, 20, 0),542,[1104, -606, -220],32501
(15, 20, 0),544,[828, -205, 60],32465
(15, 20, 0),544,[600, -356, -250],32499
(15, 20, 1),546,[1277, -473, -46],32468
(15, 20, 1),546,[1256, -143, 69],32465
(15, 20, 2),546,[1055, -599, -283],32472
(15, 20, 2),548,[766, -184, 77],32457
(15, 20, 2),548,[969, -362, -212],32484
(15, 20, 3),550,[1253, -638, -80],32479
(15, 20, 4),550,[829, -461, -283],32512
(15, 20, 4),552,[692, -308, 45],32514
(15, 20, 5),552,[1057, -266, 0],32538
(15, 20, 5),552,[1121, -618, -154],32514
(15, 20, 5),554,[851, -172, 65],32502
(15, 20, 6),554,[635, -404, -181],32510
(15, 20, 6),556,[1271, -457, -43],32517
(15, 20, 7),556,[1163, -137, 104],32518
(15, 20, 7),556,[895, -502, -270],32521
(15, 20, 7),558,[791, -275, 55],32516
(15, 20, 8),558,[1065, -296, -31],32546
(15, 20, 9),560,[797, -181, 124],32502
(15, 20, 9),562,[766, -503, -244],32540
(15, 20, 9),562,[1343, -445, -42],32516
(15, 20, 10),562,[1143, -116, 117],32514
(15, 20, 10),562,[991, -646, -342],32518
(15, 20, 11),564,[849, -297, 145],32499
(15, 20, 11),564,[1204, -269, -29],32499
(15, 20, 11),564,[1330, -679, -184],32492
(15, 20, 12),566,[888, -150, 128],32472
(15, 20, 12),566,[717, -455, -265],32507
(15, 20, 13),568,[1341, -439, -25],32500
(15, 20, 14),568,[1086, -773, -332],32492
(15, 20, 14),570,[837, -219, 107],32505
(15, 20, 14),570,[1229, -297, -117],32506
(15, 20, 15),572,[1257, -680, -198],32523
(15, 20, 15),572,[896, -155, 103],32450
(15, 20, 16),572,[709, -414, -243],32521
(15, 20, 16),574,[1253, -517, -44],32515
(15, 20, 16),574,[1071, -76, 105],32462
(15, 20, 17),576,[873, -699, -275],32504
(15, 20, 17),576,[767, -197, 69],32478
(15, 20, 18),576,[1165, -336, -110],32458
(15, 20, 18),578,[728, -159, 63],32382
(15, 20, 19),580,[683, -392, -149],32451
(15, 20, 19),580,[1040, -496, 32],32459
(15, 20, 20),580,[1020, -143, 104],32386
(15, 20, 20),580,[777, -547, -273],32439
(15, 20, 20),582,[1048, -323, 41],32439
(15, 20, 21),582,[1111, -247, -75],32433
(15, 20, 21),582,[1123, -662, -329],32473
(15, 20, 22),584,[809, -194, 78],32454
(15, 20, 22),584,[938, -418, -211],32499
(15, 20, 22),586,[1192, -509, -23],32520
(15, 20, 23),586,[959, -589, -301],32494
(15, 20, 24),588,[797, -255, 16],32496
(15, 20, 24),588,[1343, -339, -67],32535
(15, 20, 24),590,[1577, -806, -262],32429
(15, 20, 25),590,[829, -130, 103],32506
(15, 20, 25),590,[709, -481, -182],32446
(15, 20, 26),592,[1272, -560, -84],32449
(15, 20, 26),592,[1176, -64, 24],32494
(15, 20, 27),592,[1012, -862, -361],32384
(15, 20, 27),594,[901, -224, 132],32490
(15, 20, 27),594,[1442, -303, -132],32496
(15, 20, 28),596,[975, -128, 182],32447
(15, 20, 29),596,[811, -531, -290],32426
(15, 20, 29),598,[1074, -290, 63],32442
(15, 20, 29),598,[1070, -246, -75],32480
(15, 20, 30),600,[1133, -779, -329],32460
(15, 20, 30),600,[788, -170, 100],32494
(15, 20, 31),600,[1121, -477, -236],32501
(15, 20, 31),602,[1331, -684, -64],32503
(15, 20, 31),602,[1029, -95, 144],32487
(15, 20, 32),602,[812, -517, -247],32506
(15, 20, 32),604,[813, -301, 78],32470
(15, 20, 33),604,[1054, -706, -192],32462
(15, 20, 33),606,[810, -195, 82],32369
(15, 20, 34),606,[806, -377, -177],32417
(15, 20, 34),608,[1187, -509, 51],32354
(15, 20, 35),608,[1113, -114, 143],32362
(15, 20, 35),608,[806, -472, -218],32375
(15, 20, 35),610,[994, -312, 64],32364
(15, 20, 36),610,[938, -286, -58],32407
(15, 20, 36),610,[1144, -691, -285],32356
(15, 20, 37),612,[815, -213, 63],32404
(15, 20, 37),612,[974, -377, -187],32422
(15, 20, 38),614,[1125, -143, 139],32420
(15, 20, 38),614,[751, -430, -209],32411
(15, 20, 39),616,[1001, -391, 11],32396
(15, 20, 39),616,[1062, -201, -12],32418
(15, 20, 40),616,[1127, -731, -322],32394
(15, 20, 40),618,[758, -176, 74],32397
(15, 20, 40),618,[721, -341, -128],32394
(15, 20, 41),620,[1137, -543, -15],32391
(15, 20, 41),620,[1310, -173, 106],32391
(15, 20, 42),620,[1020, -581, -298],32414
(15, 20, 42),622,[731, -257, 62],32348
(15, 20, 43),624,[1426, -758, -361],32401
(15, 20, 43),624,[1063, -129, 117],32353
(15, 20, 44),624,[665, -432, -251],32413
(15, 20, 44),626,[1414, -462, -53],32400
(15, 20, 45),626,[1205, -111, 81],32381
(15, 20, 45),628,[831, -554, -320],32380
(15, 20, 45),628,[824, -288, 65],32361
(15, 20, 46),628,[1215, -269, -71],32390
(15, 20, 46),628,[1143, -602, -171],32388
(15, 20, 47),630,[830, -162, 74],32346
(15, 20, 47),630,[631, -366, -168],32375
(15, 20, 48),632,[1083, -145, 68],32339
(15, 20, 48),632,[917, -504, -237],32379
(15, 20, 49),634,[696, -294, 66],32388
(15, 20, 49),634,[1137, -301, -91],32381
(15, 20, 49),634,[1021, -618, -122],32361
(15, 20, 50),636,[816, -174, 73],32350
(15, 20, 50),636,[632, -387, -245],32353
(15, 20, 51),638,[1270, -426, -23],32396
(15, 20, 51),638,[1187, -192, 1],32354
(15, 20, 52),638,[800, -586, -267],32331
(15, 20, 52),640,[663, -223, 129],32359
(15, 20, 53),640,[1122, -654, -193],32308
(15, 20, 53),642,[769, -150, 81],32321
(15, 20, 54),642,[976, -460, -208],32367
(15, 20, 54),644,[1451, -786, -185],32359
(15, 20, 54),644,[1006, -65, 170],32371
(15, 20, 55),646,[737, -569, -164],32381
(15, 20, 55),646,[1423, -382, 23],32387
(15, 20, 56),646,[1106, -99, 94],32409
(15, 20, 56),648,[969, -782, -267],32355
(15, 20, 56),648,[1072, -281, 167],32421
(15, 20, 57),648,[1409, -154, 44],32439
(15, 20, 58),650,[673, 138, 288],32434
(15, 20, 58),652,[1176, -684, -147],32444
(15, 20, 58),652,[1582, -464, 199],32448
(15, 20, 59),652,[1547, -108, 81],32454
(15, 20, 59),652,[914, -872, -257],32445
(15, 21, 0),654,[978, -194, 124],32440
(15, 21, 0),654,[1436, -221, -36],32449
(15, 21, 0),656,[1275, -865, -319],32405
(15, 21, 1),656,[792, -75, 141],32400
(15, 21, 1),656,[1102, -565, -228],32418
(15, 21, 2),658,[1589, -456, 126],32424
(15, 21, 3),660,[1025, -954, -436],32388
(15, 21, 3),660,[928, -192, 116],32195
(15, 21, 3),660,[1283, -422, -127],32266
(15, 21, 4),662,[1332, -504, -29],32319
(15, 21, 4),662,[790, 136, 187],32273
(15, 21, 5),664,[1048, -692, -141],32357
(15, 21, 5),664,[1437, -312, 68],32388
(15, 21, 5),664,[1211, -71, 18],32300
(15, 21, 6),664,[1013, -848, -500],32362
(15, 21, 6),666,[803, -196, 100],32332
(15, 21, 7),666,[1488, -331, -139],32351
(15, 21, 7),668,[909, 12, 59],32269
(15, 21, 8),668,[887, -701, -261],32318
(15, 21, 8),670,[1027, -223, 97],32343
(15, 21, 9),670,[1081, -175, -39],32323
(15, 21, 9),672,[1016, -954, -412],32275
(15, 21, 9),672,[970, -210, 119],32362
(15, 21, 10),672,[1605, -385, -58],32361
(15, 21, 10),674,[1400, -794, -246],32313
(15, 21, 11),674,[876, -72, 121],32305
(15, 21, 11),674,[981, -650, -121],32284
(15, 21, 12),676,[1212, -422, 124],32341
(15, 21, 12),678,[1043, -867, -203],32248
(15, 21, 13),678,[911, -218, -1],32407
(15, 21, 13),678,[984, -522, -16],32360
(15, 21, 14),680,[1284, -460, 184],32317
(15, 21, 14),680,[1014, -115, 43],32448
(15, 21, 14),680,[791, -538, -163],32400
(15, 21, 15),682,[1523, -472, 33],32445
(15, 21, 15),682,[994, -122, 94],32418
(15, 21, 16),682,[1034, -685, -233],32407
(15, 21, 16),684,[1010, -315, 105],32404
(15, 21, 16),684,[824, -161, -85],32419
(15, 21, 17),686,[966, -214, 133],32363
(15, 21, 18),686,[1082, -422, -143],32389
(15, 21, 18),688,[888, -344, 56],32376
(15, 21, 19),688,[1027, -260, -179],32374
(15, 21, 19),688,[1189, -775, -377],32295
(15, 21, 19),690,[822, -178, 66],32363
(15, 21, 20),690,[935, -424, -186],32384
(15, 21, 20),692,[1243, -551, -78],32375
(15, 21, 21),692,[905, -92, 91],32402
(15, 21, 21),692,[1339, -626, -241],32377
(15, 21, 22),694,[787, -157, 74],32398
(15, 21, 22),696,[1332, -457, -36],32388
(15, 21, 23),696,[1119, -99, 196],32381
(15, 21, 23),696,[771, -455, -216],32375
(15, 21, 24),698,[1103, -300, 17],32325
(15, 21, 24),698,[1138, -168, 28],32323
(15, 21, 24),698,[956, -546, -324],32289
(15, 21, 25),700,[785, -161, 99],32291
(15, 21, 25),700,[533, -414, -223],32294
(15, 21, 26),702,[1252, -596, -128],32343
(15, 21, 26),702,[1152, -77, 187],32399
(15, 21, 26),704,[606, -449, -206],32345
(15, 21, 27),704,[1345, -238, -1],32423
(15, 21, 28),706,[1067, -696, -220],32338
(15, 21, 28),706,[550, -458, -435],31977
(15, 21, 29),706,[91, 76, -594],31681
(15, 21, 29),708,[46, -267, -1118],31579
(15, 21, 29),708,[277, -17, -1387],31481
(15, 21, 30),708,[29, 105, -809],31525
(15, 21, 30),710,[40, -14, -531],31529
(15, 21, 31),710,[2047, -597, -397],32055
(15, 21, 31),712,[915, -195, -665],31631
(15, 21, 32),712,[219, 113, -1163],31108
(15, 21, 32),714,[-143, 3, -766],31118
(15, 21, 33),714,[63, -21, -894],31128
(15, 21, 33),714,[-6, -92, -1534],31122
(15, 21, 34),716,[-106, 46, -968],31241
(15, 21, 34),716,[3, 96, -731],31395
(15, 21, 34),718,[27, -175, -1057],31421
(15, 21, 35),718,[125, -21, -931],31566
(15, 21, 35),718,[216, -124, -1426],31510
(15, 21, 36),720,[137, -22, -1084],31551
(15, 21, 36),720,[-8, 99, -734],31612
(15, 21, 37),722,[331, -25, -641],31693
(15, 21, 37),722,[1186, -526, -361],32235
(15, 21, 38),724,[534, -142, 91],32219
(15, 21, 38),724,[667, -692, -277],32263
(15, 21, 39),726,[1227, -273, 92],32324
(15, 21, 39),726,[1142, -266, -187],32283
(15, 21, 39),726,[1039, -982, -366],32301
(15, 21, 40),728,[685, -153, 44],32357
(15, 21, 40),728,[1384, -683, -353],32405
(15, 21, 41),728,[1503, -844, -109],32345
(15, 21, 41),730,[710, -121, 87],32428
(15, 21, 42),730,[779, -590, -304],32384
(15, 21, 42),732,[1225, -359, -165],32417
(15, 21, 43),734,[1648, -893, -439],32363
(15, 21, 43),734,[775, -104, 147],32390
(15, 21, 44),736,[746, -507, -212],32366
(15, 21, 44),736,[1423, -412, -71],32401
(15, 21, 44),736,[1048, -152, 108],32435
(15, 21, 45),736,[1273, -639, -225],32394
(15, 21, 45),738,[802, -163, 118],32427
(15, 21, 46),738,[841, -383, -164],32405
(15, 21, 46),740,[1352, -327, 91],32394
(15, 21, 47),740,[1040, -107, 107],32408
(15, 21, 47),742,[1106, -278, 163],32434
(15, 21, 48),742,[1010, -123, -82],32418
(15, 21, 48),744,[1785, -424, 229],32385
(15, 21, 49),744,[891, -10, -151],32394
(15, 21, 49),744,[1149, -951, -217],32360
(15, 21, 50),746,[1078, -222, 126],32327
(15, 21, 50),746,[1018, -142, -64],32301
(15, 21, 50),748,[944, -1039, -377],32351
(15, 21, 51),748,[984, -140, 156],32320
(15, 21, 51),748,[1637, -464, 15],32376
(15, 21, 52),750,[1632, -290, 147],32359
(15, 21, 53),750,[984, -888, -252],32317
(15, 21, 53),752,[919, -188, 109],32366
(15, 21, 53),752,[1238, -447, -71],32402
(15, 21, 54),754,[1400, -852, -98],32378
(15, 21, 54),754,[991, -116, 155],32413
(15, 21, 55),754,[1264, -499, -38],32439
(15, 21, 55),756,[1028, -239, 27],32483
(15, 21, 55),756,[1032, -182, 25],32473
(15, 21, 56),758,[1001, -956, -408],32400
(15, 21, 56),758,[967, -149, 235],32424
(15, 21, 57),758,[1346, -468, -151],32488
(15, 21, 57),760,[922, 8, 89],32459
(15, 21, 58),762,[963, -924, -457],32460
(15, 21, 58),762,[1097, -267, 150],32474
(15, 21, 59),762,[1130, -460, -159],32474
(15, 21, 59),764,[1442, -310, 196],32430
(15, 22, 0),764,[891, -100, 106],32485
(15, 22, 0),766,[782, -528, -240],32440
(15, 22, 0),766,[1027, -302, 104],32428
(15, 22, 1),766,[1007, -127, 70],32405
(15, 22, 1),768,[974, -710, -341],32374
(15, 22, 2),768,[790, -216, 82],32411
(15, 22, 2),768,[1165, -635, -149],32394
(15, 22, 3),770,[797, -164, 92],32405
(15, 22, 3),770,[653, -401, -354],32397
(15, 22, 4),772,[1275, -450, -56],32387
(15, 22, 4),772,[992, -146, 37],32439
(15, 22, 4),772,[709, -553, -270],32418
(15, 22, 5),774,[781, -194, 55],32401
(15, 22, 5),774,[1507, -386, -90],32391
(15, 22, 6),774,[1251, -729, -192],32410
(15, 22, 6),776,[744, -161, 108],32406
(15, 22, 6),776,[1000, -487, -201],32410
(15, 22, 7),778,[1081, -121, 109],32425
(15, 22, 8),778,[937, -567, -230],32416
(15, 22, 8),780,[880, -264, 53],32388
(15, 22, 9),780,[1022, -406, -122],32411
(15, 22, 9),782,[1389, -425, -84],32352
(15, 22, 9),782,[926, -65, 166],32336
(15, 22, 10),782,[944, -665, -294],32359
(15, 22, 10),784,[866, -253, 84],32398
(15, 22, 11),784,[1105, -273, -68],32408
(15, 22, 11),784,[1090, -607, -229],32337
(15, 22, 12),786,[839, -145, 126],32397
(15, 22, 12),788,[966, -322, 96],32376
(15, 22, 13),788,[1042, -207, -83],32341
(15, 22, 13),790,[1048, -901, -344],32332
(15, 22, 14),790,[809, -181, 117],32330
(15, 22, 14),790,[1442, -477, -150],32351
(15, 22, 14),792,[2011, -1110, -414],32295
(15, 22, 15),792,[608, -95, 95],32243
(15, 22, 15),794,[871, -854, -377],32295
(15, 22, 16),794,[879, -262, 110],32344
(15, 22, 16),794,[1338, -227, -51],32312
(15, 22, 16),796,[1075, -715, -152],32293
(15, 22, 17),798,[790, -380, -157],32298
(15, 22, 18),798,[1314, -429, 0],32313
(15, 22, 18),798,[1058, -117, 93],32340
(15, 22, 19),798,[1045, -720, -244],32254
(15, 22, 19),800,[718, -162, 75],32338
(15, 22, 19),800,[1143, -449, -216],32271
(15, 22, 20),800,[1471, -788, -257],32260
(15, 22, 20),802,[874, -74, 156],32217
(15, 22, 21),802,[933, -635, -252],32259
(15, 22, 21),804,[1051, -298, 129],32251
(15, 22, 21),804,[1088, -265, -86],32214
(15, 22, 22),806,[913, -25, 193],32128
(15, 22, 23),808,[858, -575, -260],32184
(15, 22, 23),808,[915, -297, 85],32221
(15, 22, 24),808,[1132, -258, -15],32184
(15, 22, 24),808,[1112, -756, -331],32205
(15, 22, 24),810,[779, -229, 84],32187
(15, 22, 25),810,[1168, -360, -105],32209
(15, 22, 25),812,[1093, -346, 43],32198
(15, 22, 26),812,[1062, -225, -14],32137
(15, 22, 26),814,[1008, -788, -368],32194
(15, 22, 26),814,[716, -145, 72],32204
(15, 22, 27),816,[1334, -410, 144],32220
(15, 22, 28),816,[975, -76, 120],32147
(15, 22, 28),816,[771, -542, -254],32206
(15, 22, 29),818,[774, -166, 84],32221
(15, 22, 29),818,[1464, -479, -285],32242
(15, 22, 29),820,[1498, -820, -179],32242
(15, 22, 30),820,[975, -46, 131],32232
(15, 22, 30),822,[768, -512, -264],32185
(15, 22, 31),822,[1433, -420, 19],32305
(15, 22, 31),822,[1224, -128, 84],32407
(15, 22, 31),822,[881, -610, -263],32317
(15, 22, 32),824,[703, -442, -158],32381
(15, 22, 33),826,[1326, -504, -10],32409
(15, 22, 33),826,[1305, -167, 66],32335
(15, 22, 34),826,[872, -538, -284],32333
(15, 22, 34),828,[716, -249, 19],32301
(15, 22, 34),828,[1078, -321, -127],32304
(15, 22, 35),828,[1051, -727, -166],32324
(15, 22, 35),830,[975, -142, 103],32242
(15, 22, 36),830,[862, -627, -316],32318
(15, 22, 36),832,[1004, -330, 13],32321
(15, 22, 36),832,[1191, -240, -73],32352
(15, 22, 37),834,[770, -195, 70],32481
(15, 22, 38),834,[924, -335, -135],32534
(15, 22, 38),836,[1466, -673, -67],32507
(15, 22, 38),836,[1119, -95, 155],32578
(15, 22, 39),836,[1130, -764, -360],32528
(15, 22, 39),838,[793, -211, 60],32568
(15, 22, 40),838,[1141, -367, -149],32574
(15, 22, 40),840,[1805, -873, -382],32514
(15, 22, 41),840,[895, -122, 55],32535
(15, 22, 41),840,[649, -451, -219],32553
(15, 22, 41),842,[1374, -400, -12],32534
(15, 22, 42),844,[1632, -873, -404],32536
(15, 22, 43),844,[816, -102, 128],32463
(15, 22, 43),846,[864, -533, -213],32499
(15, 22, 44),846,[1308, -361, 35],32511
(15, 22, 44),846,[1194, -83, 126],32509
(15, 22, 44),846,[1055, -853, -405],32505
(15, 22, 45),848,[731, -173, 64],32496
(15, 22, 45),848,[785, -446, -208],32526
(15, 22, 46),850,[1233, -449, 43],32514
(15, 22, 46),850,[836, -130, 39],32504
(15, 22, 46),852,[846, -679, -252],32471
(15, 22, 47),852,[1342, -269, -87],32365
(15, 22, 48),854,[1620, -744, -357],32357
(15, 22, 48),854,[812, -155, 98],32193
(15, 22, 48),854,[755, -391, -200],32270
(15, 22, 49),856,[773, -217, 75],32180
(15, 22, 49),856,[1124, -247, -73],32231
(15, 22, 50),856,[1372, -709, -265],32312
(15, 22, 50),858,[876, -171, 120],32058
(15, 22, 51),858,[759, -334, -266],32112
(15, 22, 51),860,[1437, -435, -8],32142
(15, 22, 51),860,[952, -124, 87],32042
(15, 22, 52),862,[807, -185, 69],31999
(15, 22, 53),862,[740, -323, -238],32139
(15, 22, 53),864,[1197, -452, 4],32188
(15, 22, 54),864,[912, -108, 113],32021
(15, 22, 54),866,[809, -531, -255],32061
(15, 22, 54),866,[1512, -382, -23],32005
(15, 22, 55),866,[1092, -91, 118],31869
(15, 22, 55),868,[974, -774, -399],31957
(15, 22, 56),868,[689, -124, 137],32033
(15, 22, 56),868,[859, -414, -254],32086
(15, 22, 56),870,[1217, -454, 91],32134
(15, 22, 57),870,[841, -493, -265],32129
(15, 22, 58),872,[974, -261, 99],32210
(15, 22, 58),872,[1233, -302, -177],32237
(15, 22, 58),872,[1078, -759, -325],32142
(15, 22, 59),874,[690, -124, 142],32226
(15, 22, 59),876,[841, -298, -167],32145
(15, 23, 0),876,[1564, -354, 103],32256
(15, 23, 0),876,[700, -66, 129],32291
(15, 23, 1),878,[775, -717, -303],32182
(15, 23, 1),878,[980, -250, 117],32355
(15, 23, 1),878,[1259, -259, -63],32361
(15, 23, 2),880,[781, -81, 167],32398
(15, 23, 3),882,[931, -624, -162],32397
(15, 23, 3),882,[1315, -386, 44],32429
(15, 23, 4),882,[1044, -114, 69],32497
(15, 23, 4),884,[943, -908, -344],32425
(15, 23, 4),884,[965, -181, 122],32529
(15, 23, 5),884,[1323, -181, -20],32499
(15, 23, 5),886,[1019, -832, -240],32464
(15, 23, 6),886,[901, -32, 4],32466
(15, 23, 6),888,[1034, -788, -235],32489
(15, 23, 6),888,[1316, -274, 141],32479
(15, 23, 7),890,[1136, -818, -232],32425
(15, 23, 8),890,[868, -143, 137],32254
(15, 23, 8),890,[970, -417, -188],32356
(15, 23, 8),892,[1485, -464, -106],32297
(15, 23, 9),892,[996, -394, -168],32149
(15, 23, 10),894,[1281, -413, -3],32093
(15, 23, 10),894,[1174, -146, 13],31815
(15, 23, 10),896,[888, -843, -384],32030
(15, 23, 11),896,[828, -171, 125],31714
(15, 23, 11),896,[1517, -307, -60],31799
(15, 23, 12),898,[1170, -701, -199],31867
(15, 23, 12),900,[1016, -512, -206],31856
(15, 23, 13),900,[973, -232, 173],31771
(15, 23, 13),900,[1246, -173, -36],31691
(15, 23, 14),902,[1496, -514, 42],31888
(15, 23, 14),902,[807, -78, 155],31691
(15, 23, 15),904,[894, -610, -184],31824
(15, 23, 15),904,[1232, -443, -9],31960
(15, 23, 16),904,[1188, -199, -24],31899
(15, 23, 16),906,[1374, -768, -119],31918
(15, 23, 16),906,[878, -75, 150],31869
(15, 23, 17),906,[906, -461, -306],32002
(15, 23, 18),908,[1105, -161, 2],32268
(15, 23, 18),908,[1056, -757, -433],32075
(15, 23, 18),910,[804, -153, 88],32295
(15, 23, 19),910,[1092, -448, -129],32361
(15, 23, 20),912,[843, -169, 94],32434
(15, 23, 20),912,[1388, -351, -183],32424
(15, 23, 20),914,[1415, -745, -293],32220
(15, 23, 21),914,[694, -108, 123],32405
(15, 23, 21),916,[881, -439, -202],32341
(15, 23, 22),916,[1395, -420, 213],32372
(15, 23, 22),916,[833, -84, 85],32376
(15, 23, 23),918,[867, -251, 90],32417
(15, 23, 23),920,[861, -420, -217],32360
(15, 23, 24),920,[1227, -456, -52],32375
(15, 23, 24),920,[873, -99, 109],32363
(15, 23, 24),920,[780, -579, -340],32344
(15, 23, 25),922,[974, -215, 59],32360
(15, 23, 25),922,[1375, -346, -156],32402
(15, 23, 26),922,[1164, -788, -250],32246
(15, 23, 26),924,[679, -61, 77],32358
(15, 23, 27),924,[511, -491, -238],32314
(15, 23, 27),926,[1370, -395, -12],32340
(15, 23, 28),926,[857, -607, -320],32348
(15, 23, 28),928,[743, -232, 36],32395
(15, 23, 29),928,[1322, -336, -121],32385
(15, 23, 29),928,[1463, -616, -234],32342
(15, 23, 29),930,[747, -119, 79],32354
(15, 23, 30),932,[756, -477, -256],32334
(15, 23, 30),932,[781, -132, 38],32421
(15, 23, 31),932,[1170, -210, 37],32328
(15, 23, 31),932,[884, -543, -142],32249
(15, 23, 32),934,[762, -227, -172],32275
(15, 23, 32),934,[807, -416, -39],32276
(15, 23, 33),936,[764, -71, 12],32265
(15, 23, 33),936,[815, -929, -247],32191
(15, 23, 34),938,[1033, -171, 153],32289
(15, 23, 34),938,[1217, -125, 58],32279
(15, 23, 34),940,[1015, -883, -362],32119
(15, 23, 35),940,[859, -197, 220],32152
(15, 23, 35),940,[1178, -387, -170],32202
(15, 23, 36),942,[1497, -328, -20],32130
(15, 23, 36),942,[1050, -131, -265],32134
(15, 23, 37),944,[1474, -496, -31],31941
(15, 23, 37),944,[760, -38, 194],32240
(15, 23, 38),946,[1207, -273, 161],32267
(15, 23, 38),946,[741, -104, -82],32336
(15, 23, 39),948,[931, -1137, -576],32208
(15, 23, 39),948,[897, -230, 114],32308
(15, 23, 40),948,[1306, -359, -199],32311
(15, 23, 40),950,[1153, -251, 94],32340
(15, 23, 40),950,[1015, -159, -191],32341
(15, 23, 41),950,[906, -978, -266],32289
(15, 23, 41),952,[943, -159, 88],32299
(15, 23, 42),952,[1450, -400, -52],32345
(15, 23, 42),954,[1452, -427, -46],32292
(15, 23, 43),954,[1067, -877, -487],32264
(15, 23, 43),956,[744, -87, 98],32290
(15, 23, 44),956,[1115, -570, -202],32351
(15, 23, 44),958,[1612, -405, 20],32362
(15, 23, 45),958,[1076, -60, 17],32375
(15, 23, 45),960,[949, -1017, -401],32234
(15, 23, 45),960,[963, -208, 99],32401
(15, 23, 46),960,[1315, -380, -93],32347
(15, 23, 46),962,[1306, -464, -83],32277
(15, 23, 47),962,[876, -187, -89],32433
(15, 23, 47),964,[881, -1018, -502],32276
(15, 23, 48),964,[1319, -465, -175],32453
(15, 23, 48),966,[1251, -423, -18],32417
(15, 23, 49),966,[784, -57, 47],32500
(15, 23, 49),968,[928, -673, -271],32432
(15, 23, 50),968,[1230, -322, 19],32525
(15, 23, 50),968,[1246, -234, -76],32545
(15, 23, 51),970,[1686, -1034, -371],32478
(15, 23, 51),970,[900, -87, 88],32536
(15, 23, 51),972,[1074, -759, -236],32490
(15, 23, 52),972,[1250, -258, 104],32504
(15, 23, 52),972,[848, -86, -81],32504
(15, 23, 53),974,[859, -154, 91],32492
(15, 23, 54),976,[878, -1040, -329],32467
(15, 23, 54),976,[959, -191, 106],32495
(15, 23, 54),976,[1286, -128, -22],32488
(15, 23, 55),978,[1259, -749, -272],32470
(15, 23, 55),978,[787, -140, 55],32485
(15, 23, 56),978,[1366, -554, -99],32486
(15, 23, 56),980,[1397, -599, -53],32480
(15, 23, 56),980,[637, -58, 139],32462
(15, 23, 57),982,[991, -1012, -338],32470
(15, 23, 57),982,[957, -206, 83],32506
(15, 23, 58),984,[1433, -332, 40],32502
(15, 23, 59),984,[790, -50, 106],32520
(15, 23, 59),984,[1485, -501, -159],32545
(15, 23, 59),986,[900, -712, -268],32465
(15, 24, 0),986,[679, -26, 55],32536
(15, 24, 0),988,[1115, -779, -150],32512
(15, 24, 0),988,[1662, -408, -27],32519
(15, 24, 1),988,[907, -142, 22],32549
(15, 24, 1),990,[871, -864, -362],32503
(15, 24, 2),990,[1027, -213, 127],32532
(15, 24, 2),990,[1030, -153, -125],32548
(15, 24, 3),992,[753, -33, 106],32530
(15, 24, 3),994,[826, -1153, -501],32469
(15, 24, 4),994,[1068, -222, 148],32538
(15, 24, 4),994,[1352, -289, -42],32542
(15, 24, 5),996,[1462, -1030, -369],32517
(15, 24, 5),996,[927, -91, 112],32513
(15, 24, 5),996,[1405, -762, -92],32530
(15, 24, 6),998,[1754, -386, 46],32505
(15, 24, 6),998,[1378, -193, -65],32501
(15, 24, 7),1000,[1345, -849, -269],32437
(15, 24, 7),1000,[918, -165, 50],32480
(15, 24, 8),1002,[1533, -258, 117],32474
(15, 24, 8),1002,[1154, -74, 118],32497
(15, 24, 9),1004,[1612, -698, -133],32468
(15, 24, 9),1004,[709, -62, 162],32509
(15, 24, 10),1006,[1515, -868, -142],32500
(15, 24, 10),1006,[1457, -730, 248],32704
(15, 24, 11),1006,[-5, 245, -747],32111
(15, 24, 11),1006,[1206, -372, -389],32329
(15, 24, 11),1008,[1096, -743, -110],32413
(15, 24, 12),1008,[558, -119, -87],32457
(15, 24, 12),1010,[935, -549, -90],32440
(15, 24, 13),1012,[1747, -1009, -278],32423
(15, 24, 14),1012,[916, -106, -9],32466
(15, 24, 14),1014,[910, -1014, -479],32391
(15, 24, 15),1014,[1019, -205, 121],32449
(15, 24, 15),1014,[1399, -454, -90],32485
(15, 24, 15),1016,[1254, -423, -20],32478
(15, 24, 16),1016,[716, 39, 56],32497
(15, 24, 16),1018,[927, -798, -298],32493
(15, 24, 17),1018,[782, -153, 46],32511
(15, 24, 17),1018,[1381, -591, -129],32527
(15, 24, 18),1020,[1583, -351, -13],32494
(15, 24, 18),1022,[859, -1020, -423],32470
(15, 24, 19),1022,[1055, -196, 113],32481
(15, 24, 19),1022,[1261, -188, -53],32521
(15, 24, 20),1024,[1298, -908, -406],32496
(15, 24, 20),1024,[804, -114, 97],32480
(15, 24, 21),1026,[926, -792, -318],32489
(15, 24, 21),1026,[1051, -261, 109],32475
(15, 24, 21),1026,[1011, -93, -50],32518
(15, 24, 22),1028,[968, -889, -284],32486
(15, 24, 22),1028,[930, -223, 58],32520
(15, 24, 23),1028,[1227, -406, -127],32525
(15, 24, 23),1030,[837, -126, 149],32516
(15, 24, 24),1032,[1828, -737, -321],32475
(15, 24, 24),1032,[750, -52, 142],32483
(15, 24, 25),1034,[1119, -714, -165],32461
(15, 24, 25),1034,[1243, -222, 121],32453
(15, 24, 26),1034,[856, -182, -218],32443
(15, 24, 26),1036,[933, -879, -282],32418
(15, 24, 26),1036,[946, -170, 142],32450
(15, 24, 27),1036,[1339, -673, -313],32443
(15, 24, 27),1038,[1020, -223, 98],32463
(15, 24, 28),1038,[1439, -176, 8],32485
(15, 24, 29),1040,[711, 102, 121],32467
(15, 24, 29),1042,[1054, -654, -232],32452
(15, 24, 29),1042,[982, -214, 88],32477
(15, 24, 30),1042,[989, -161, -51],32504
(15, 24, 30),1042,[1046, -1045, -248],32444
(15, 24, 31),1044,[752, -54, 72],32468
(15, 24, 31),1046,[1040, -793, -274],32467
(15, 24, 32),1046,[1142, -261, 153],32448
(15, 24, 32),1046,[1002, -155, -89],32477
(15, 24, 32),1048,[959, -944, -152],32457
(15, 24, 33),1048,[775, -152, 89],32450
(15, 24, 34),1050,[982, -320, 124],32477
(15, 24, 34),1050,[1123, -500, -234],32442
(15, 24, 35),1052,[1324, -353, 113],32460
(15, 24, 35),1052,[878, -91, 130],32341
(15, 24, 35),1052,[882, -641, -300],32383
(15, 24, 36),1054,[1051, -286, 111],32338
(15, 24, 36),1054,[1079, -217, -115],32312
(15, 24, 37),1056,[1002, -958, -282],32279
(15, 24, 37),1056,[770, -164, 104],32301
(15, 24, 38),1058,[815, -714, -327],32311
(15, 24, 38),1058,[951, -243, 110],32364
(15, 24, 39),1060,[1379, -671, -80],32358
(15, 24, 39),1060,[816, -95, 143],32296
(15, 24, 40),1062,[906, -519, -224],32317
(15, 24, 40),1062,[1488, -405, 19],32318
(15, 24, 40),1062,[1101, -49, 109],32280
(15, 24, 41),1064,[1830, -881, -351],32278
(15, 24, 41),1064,[702, -95, 63],32112
(15, 24, 42),1066,[1006, -630, -254],32211
(15, 24, 42),1066,[1585, -369, 7],32107
(15, 24, 43),1066,[976, -79, 30],31834
(15, 24, 43),1068,[835, -812, -389],31962
(15, 24, 44),1070,[839, -583, -206],32058
(15, 24, 44),1070,[1547, -381, 21],32120
(15, 24, 45),1070,[1556, -461, -176],31945
(15, 24, 45),1072,[1731, -857, -216],32021
(15, 24, 46),1072,[777, -67, 75],31936
(15, 24, 46),1074,[799, -552, -236],31981
(15, 24, 46),1074,[1169, -355, 22],32089
(15, 24, 47),1074,[1189, -225, -79],31979
(15, 24, 47),1076,[1094, -847, -333],31909
(15, 24, 48),1076,[1176, -140, 2],31984
(15, 24, 48),1076,[978, -810, -326],31989
(15, 24, 49),1078,[880, -423, -262],32040
(15, 24, 50),1080,[1466, -439, 32],32102
(15, 24, 50),1080,[840, -76, 21],32015
(15, 24, 50),1080,[779, -660, -366],31967
(15, 24, 51),1082,[771, -192, 87],32211
(15, 24, 51),1082,[899, -377, -168],32167
(15, 24, 52),1084,[1339, -443, 60],32171
(15, 24, 52),1084,[833, -34, 97],32319
(15, 24, 52),1084,[759, -643, -254],32187
(15, 24, 53),1086,[899, -254, 94],32431
(15, 24, 53),1086,[1008, -166, -64],32464
(15, 24, 54),1088,[842, -72, 69],32459
(15, 24, 55),1088,[755, -531, -272],32423
(15, 24, 55),1090,[700, -173, 31],32455
(15, 24, 56),1090,[875, -402, -147],32436
(15, 24, 56),1092,[1533, -489, -126],32401
(15, 24, 56),1092,[1043, -81, 55],32352
(15, 24, 57),1092,[826, -752, -353],32285
(15, 24, 57),1094,[990, -192, 49],32307
(15, 24, 58),1094,[1198, -254, -44],32282
(15, 24, 58),1096,[892, -237, 78],32201
(15, 24, 59),1096,[1604, -392, -127],32228
(15, 25, 0),1098,[860, -64, 83],32094
(15, 25, 0),1098,[876, -738, -293],32121
(15, 25, 0),1100,[910, -276, 176],32115
(15, 25, 1),1100,[1189, -214, -50],32060
(15, 25, 1),1100,[1711, -1104, -215],32066
(15, 25, 2),1102,[1079, -232, -37],31904
(15, 25, 2),1104,[898, -834, -81],32068
(15, 25, 3),1104,[833, -159, 93],31888
(15, 25, 3),1104,[1148, -441, -149],31998
(15, 25, 3),1106,[1817, -630, -110],31959
(15, 25, 4),1106,[720, -61, 149],31781
(15, 25, 5),1108,[859, -198, 108],31873
(15, 25, 5),1108,[1139, -544, -332],31921
(15, 25, 6),1110,[978, -208, 85],31881
(15, 25, 6),1110,[1251, -246, -40],31922
(15, 25, 6),1112,[952, -813, -151],31869
(15, 25, 7),1112,[730, -146, 112],31858
(15, 25, 7),1112,[989, -517, -296],31825
(15, 25, 8),1114,[1549, -488, -23],31942
(15, 25, 8),1114,[937, -56, 155],31864
(15, 25, 9),1116,[1409, -801, -233],31735
(15, 25, 9),1116,[728, -122, 114],31883
(15, 25, 10),1118,[968, -256, 86],31993
(15, 25, 10),1118,[1207, -275, -145],31959
(15, 25, 11),1120,[1078, -676, -287],31660
(15, 25, 11),1120,[661, -97, -13],32076
(15, 25, 12),1122,[937, -533, -231],31838
(15, 25, 12),1122,[1491, -491, 22],32179
(15, 25, 13),1122,[1522, -452, -206],32169
(15, 25, 13),1124,[1460, -577, -42],32036
(15, 25, 13),1124,[771, -28, 131],32385
(15, 25, 14),1126,[667, -636, -287],32186
(15, 25, 14),1126,[920, -323, 74],32455
(15, 25, 15),1128,[1503, -799, -238],32371
(15, 25, 15),1128,[805, -52, 47],32494
(15, 25, 16),1130,[1034, -779, -345],32439
(15, 25, 16),1130,[829, -166, 47],32528
(15, 25, 17),1132,[860, -384, -117],32493
(15, 25, 17),1132,[1483, -461, -37],32484
(15, 25, 18),1132,[1309, -135, 30],32499
(15, 25, 18),1134,[1027, -679, -382],32391
(15, 25, 18),1134,[816, -167, 37],32473
(15, 25, 19),1134,[1030, -923, -345],32448
(15, 25, 20),1136,[735, -136, 75],32505
(15, 25, 20),1138,[1336, -391, 12],32464
(15, 25, 21),1138,[1151, -232, -146],32478
(15, 25, 21),1138,[936, -822, -312],32468
(15, 25, 22),1140,[731, -105, 45],32458
(15, 25, 22),1140,[823, -446, -66],32389
(15, 25, 22),1140,[1607, -492, 183],32422
(15, 25, 23),1142,[1461, -294, -162],32373
(15, 25, 23),1142,[1694, -888, -226],32324
(15, 25, 24),1144,[727, -62, -31],32316
(15, 25, 24),1144,[839, -648, -239],32305
(15, 25, 25),1146,[888, -288, -3],32328
(15, 25, 25),1146,[1632, -991, -292],32249
(15, 25, 26),1148,[762, -64, 73],32240
(15, 25, 26),1148,[1078, -953, -450],32183
(15, 25, 27),1150,[858, -143, 93],32309
(15, 25, 27),1150,[1060, -713, -161],32260
(15, 25, 28),1152,[1775, -555, 18],32319
(15, 25, 28),1152,[134, -90, -661],32058
(15, 25, 29),1152,[-172, 240, -1035],31444
(15, 25, 29),1154,[-100, 129, -848],31542
(15, 25, 29),1154,[-77, 81, -717],31617
(15, 25, 30),1156,[1115, -273, -29],32136
(15, 25, 31),1158,[1048, -428, -208],32254
(15, 25, 31),1158,[1422, -376, -53],32310
(15, 25, 32),1158,[1139, -910, -270],32302
(15, 25, 32),1160,[424, -169, -220],31948
(15, 25, 32),1160,[-93, 114, -706],31726
(15, 25, 33),1162,[-6, -187, -1189],31743
(15, 25, 33),1162,[95, -132, -1081],31715
(15, 25, 34),1162,[37, -167, -1539],31648
(15, 25, 34),1164,[-40, 11, -906],31666
(15, 25, 35),1164,[-42, 78, -744],31685
(15, 25, 35),1166,[94, -200, -1169],31608
(15, 25, 36),1166,[279, -811, -1906],31774
(15, 25, 36),1168,[701, -334, -92],32214
(15, 25, 37),1170,[2047, -700, -285],32269
(15, 25, 37),1172,[553, -540, -248],32002
(15, 25, 38),1172,[-56, 215, -815],31296
(15, 25, 38),1174,[-26, -190, -1194],31119
(15, 25, 39),1174,[363, -107, -1702],31055
(15, 25, 39),1174,[-185, 201, -756],31079
(15, 25, 39),1176,[906, -447, -16],32091
(15, 25, 40),1176,[529, -324, -190],32155
(15, 25, 40),1178,[571, -266, -43],32014
(15, 25, 41),1180,[1325, -350, -39],32001
(15, 25, 42),1180,[1092, -91, 68],32174
(15, 25, 42),1180,[801, -792, -385],32090
(15, 25, 43),1182,[874, -186, 128],32168
(15, 25, 43),1182,[977, -395, -172],32164
(15, 25, 43),1184,[1551, -428, -38],32187
(15, 25, 44),1184,[1516, -255, -8],32484
(15, 25, 44),1184,[1052, -690, -285],32140
(15, 25, 45),1186,[740, -173, 116],32485
(15, 25, 45),1186,[912, -349, -214],32375
(15, 25, 45),1188,[1468, -398, 8],32389
(15, 25, 46),1188,[978, -980, -312],32441
(15, 25, 47),1190,[653, -152, 87],32436
(15, 25, 47),1190,[1265, -602, -51],32513
(15, 25, 48),1192,[1188, -150, 181],32463
(15, 25, 48),1192,[1084, -473, -105],32600
(15, 25, 49),1192,[1964, -1491, -121],32505
(15, 25, 49),1194,[748, -87, 71],32615
(15, 25, 49),1194,[930, -716, -313],32590
(15, 25, 50),1196,[932, -196, 108],32589
(15, 25, 50),1196,[1784, -529, -208],32650
(15, 25, 51),1198,[1614, -314, 2],32576
(15, 25, 52),1198,[1030, -773, -210],32546
(15, 25, 52),1200,[715, -157, 90],32561
(15, 25, 53),1200,[994, -325, -303],32575
(15, 25, 53),1202,[1399, -185, 271],32557
(15, 25, 53),1202,[969, -26, 193],32550
(15, 25, 54),1202,[888, -707, -375],32567
(15, 25, 54),1204,[643, -48, 158],32555
(15, 25, 55),1204,[724, -180, -129],32541
(15, 25, 55),1204,[1985, -349, 259],32536
(15, 25, 55),1206,[628, -69, 103],32525
(15, 25, 56),1206,[943, -696, -334],32531
(15, 25, 57),1208,[2047, -655, -230],32505
(15, 25, 57),1210,[2047, -927, 66],32435
(15, 25, 58),1210,[290, -2, -8],32478
(15, 25, 58),1212,[260, -674, -428],32430
(15, 25, 59),1212,[1136, -20, 160],32420
(15, 25, 59),1212,[1346, -519, -111],32453
(15, 25, 59),1212,[2047, 25, 738],32396
(15, 26, 0),1214,[420, -71, 36],32415
(15, 26, 0),1214,[2047, -1324, -231],32362
(15, 26, 1),1216,[503, -19, 32],32423
(15, 26, 1),1216,[923, -663, -242],32343
(15, 26, 2),1218,[774, -641, -269],32418
(15, 26, 3),1220,[1455, 250, 316],32473
(15, 26, 3),1220,[969, -346, -193],32404
(15, 26, 3),1222,[928, -250, 91],32461
(15, 26, 4),1222,[1924, -694, -28],32460
(15, 26, 4),1224,[1410, -341, 99],32381
(15, 26, 5),1224,[446, 27, -10],32438
(15, 26, 5),1226,[689, -693, -165],32415
(15, 26, 6),1228,[1040, -332, 234],32457
(15, 26, 6),1228,[1440, -352, -127],32448
(15, 26, 6),1228,[1975, -1201, -353],32348
(15, 26, 7),1230,[665, -820, -334],32392
(15, 26, 8),1232,[784, -175, 123],32464
(15, 26, 8),1232,[1492, -783, -155],32438
(15, 26, 9),1234,[1009, -193, 152],32490
(15, 26, 9),1234,[1425, -353, -34],32509
(15, 26, 9),1234,[1029, -502, -142],32410
(15, 26, 10),1236,[492, -42, 52],32476
(15, 26, 10),1236,[755, -423, -213],32450
(15, 26, 11),1238,[1022, -416, 131],32426
(15, 26, 11),1238,[1344, -277, -1],32439
(15, 26, 12),1240,[1616, -417, 85],32423
(15, 26, 13),1240,[1150, -670, -178],32424
(15, 26, 13),1242,[373, -139, 12],32494
(15, 26, 13),1242,[750, -435, -187],32460
(15, 26, 14),1244,[1752, -235, 95],32481
(15, 26, 14),1244,[1456, -60, 9],32489
(15, 26, 15),1244,[820, -738, -275],32484
(15, 26, 15),1246,[838, -116, 54],32475
(15, 26, 15),1246,[853, -520, -249],32439
(15, 26, 16),1248,[1324, -275, 109],32475
(15, 26, 16),1248,[1872, -112, 181],32515
(15, 26, 17),1248,[1052, -701, -383],32378
(15, 26, 18),1250,[623, -497, -239],32415
(15, 26, 18),1252,[1143, -224, 153],32457
(15, 26, 18),1252,[1515, -290, 38],32469
(15, 26, 19),1252,[1320, -167, 135],32401
(15, 26, 19),1254,[269, -16, 6],32473
(15, 26, 20),1256,[653, -481, -288],32459
(15, 26, 20),1256,[1256, -349, 127],32467
(15, 26, 21),1256,[1347, -391, -60],32486
(15, 26, 21),1258,[1085, -884, -238],32418
(15, 26, 21),1258,[756, -111, 41],32442
(15, 26, 22),1260,[944, -525, -80],32433
(15, 26, 23),1260,[1550, -598, -222],32416
(15, 26, 23),1262,[1895, -899, -313],32403
(15, 26, 24),1262,[664, -54, 122],32483
(15, 26, 24),1264,[882, -357, -211],32414
(15, 26, 24),1264,[1562, -264, 175],32432
(15, 26, 25),1264,[836, -118, 165],32448
(15, 26, 25),1266,[895, -576, -252],32423
(15, 26, 26),1266,[756, -187, 154],32472
(15, 26, 26),1266,[1205, -401, -132],32460
(15, 26, 26),1268,[1629, -405, -121],32414
(15, 26, 27),1268,[770, -978, 52],32479
(15, 26, 28),1270,[-682, -309, -385],32304
(15, 26, 28),1270,[-751, -491, -617],32276
(15, 26, 29),1270,[-738, -584, -407],32280
(15, 26, 29),1272,[2047, -437, 157],32283
(15, 26, 30),1272,[705, -563, -264],32289
(15, 26, 30),1274,[738, -168, 78],32291
(15, 26, 30),1274,[1327, -325, -7],32313
(15, 26, 31),1274,[972, -701, -117],32248
(15, 26, 31),1276,[775, -151, 124],32388
(15, 26, 31),1276,[814, -393, -50],32332
(15, 26, 32),1276,[2047, -937, -404],32284
(15, 26, 33),1278,[2047, -1881, -541],32366
(15, 26, 33),1280,[355, 135, 33],32460
(15, 26, 34),1282,[966, -620, -34],32487
(15, 26, 34),1282,[1830, -246, 150],32456
(15, 26, 34),1282,[422, -4, -192],32424
(15, 26, 35),1284,[749, -781, -19],32464
(15, 26, 35),1284,[1014, -186, 118],32471
(15, 26, 36),1286,[818, -554, -225],32428
(15, 26, 36),1286,[1757, -359, 131],32435
(15, 26, 37),1286,[951, -74, 58],32480
(15, 26, 37),1288,[741, -686, -322],32461
(15, 26, 38),1288,[887, -357, -163],32472
(15, 26, 38),1290,[1479, -415, -77],32475
(15, 26, 39),1290,[633, -47, 24],32490
(15, 26, 39),1292,[1543, -411, 76],32457
(15, 26, 40),1292,[1016, 88, 143],32469
(15, 26, 40),1292,[1358, -882, -195],32466
(15, 26, 40),1294,[1642, -365, 76],32468
(15, 26, 41),1294,[906, -85, 70],32490
(15, 26, 41),1296,[929, -790, -425],32445
(15, 26, 42),1296,[725, -213, 121],32468
(15, 26, 42),1296,[1717, -306, -159],32454
(15, 26, 43),1298,[1596, -394, -150],32454
(15, 26, 43),1300,[1090, -676, -242],32375
(15, 26, 44),1300,[510, -153, 89],32451
(15, 26, 44),1302,[1287, -412, -280],32337
(15, 26, 45),1302,[937, -536, -408],32222
(15, 26, 45),1302,[583, 13, 114],32218
(15, 26, 45),1302,[1394, -1321, -239],32296
(15, 26, 46),1304,[1928, -23, 23],32285
(15, 26, 46),1304,[1060, -112, 186],32235
(15, 26, 47),1306,[258, -313, -233],32166
(15, 26, 47),1306,[-14, -168, -33],32119
(15, 26, 48),1308,[1634, -445, 130],31769
(15, 26, 48),1308,[1720, -1345, -62],32115
(15, 26, 49),1310,[714, -12, 87],31643
(15, 26, 49),1310,[955, -645, -269],31839
(15, 26, 50),1312,[1040, -130, 32],31550
(15, 26, 50),1312,[847, -638, -312],31730
(15, 26, 51),1314,[846, -219, 56],31557
(15, 26, 51),1314,[1144, -288, -148],31440
(15, 26, 51),1314,[955, -683, -168],31525
(15, 26, 52),1316,[732, -176, 36],31305
(15, 26, 52),1316,[691, -379, -215],31369
(15, 26, 53),1318,[1207, -470, -178],31361
(15, 26, 54),1320,[1379, -655, -139],31310
(15, 26, 54),1320,[762, -96, 130],31186
(15, 26, 54),1322,[788, -494, -260],31174
(15, 26, 55),1322,[1252, -389, -13],31095
(15, 26, 55),1322,[940, -194, -4],31172
(15, 26, 56),1322,[815, -545, -538],30693
(15, 26, 56),1324,[885, -129, 127],31019
(15, 26, 57),1324,[821, -345, -263],30979
(15, 26, 57),1326,[1465, -513, 108],31350
(15, 26, 57),1326,[948, -86, 181],31454
(15, 26, 58),1328,[730, -212, 108],31666
(15, 26, 59),1328,[1258, -262, -54],31724
(15, 26, 59),1330,[1131, -649, -235],31229
(15, 26, 59),1330,[628, -145, 122],31967
(15, 27, 0),1332,[417, -358, -121],31517
(15, 27, 0),1332,[1488, -295, 125],31803
(15, 27, 1),1332,[1227, -127, 138],32377
(15, 27, 1),1334,[602, -511, -183],31928
(15, 27, 2),1334,[774, -256, 43],32415
(15, 27, 2),1334,[1143, -324, -43],32517
(15, 27, 2),1336,[1119, -757, -243],32382
(15, 27, 3),1336,[841, -651, -317],32511
(15, 27, 4),1338,[1000, -205, 100],32586
(15, 27, 4),1338,[913, -184, -226],32582
(15, 27, 5),1340,[832, -561, -283],32576
(15, 27, 5),1340,[887, -217, -119],32555
(15, 27, 5),1340,[975, -402, -159],32587
(15, 27, 6),1340,[920, -350, -138],32570
(15, 27, 6),1340,[912, -328, -168],32585
(15, 27, 7),1340,[899, -317, -154],32601
(15, 27, 7),1340,[917, -353, -140],32594
(15, 27, 7),1340,[961, -339, -157],32601
(15, 27, 8),1340,[945, -461, -59],32550
(15, 27, 9),1340,[941, -460, 108],32572
(15, 27, 9),1340,[831, -700, 215],32592
(15, 27, 10),1340,[1014, -190, -50],32582
(15, 27, 10),1340,[834, -432, 32],32575
(15, 27, 10),1340,[781, -428, -134],32583
(15, 27, 11),1340,[1265, -396, -41],32564
(15, 27, 11),1340,[1074, -609, -238],32586
(15, 27, 12),1340,[662, -210, -18],32569
(15, 27, 12),1340,[928, -357, -187],32583
(15, 27, 13),1340,[1094, -502, -49],32581
(15, 27, 14),1340,[1284, -470, -137],32605
(15, 27, 14),1340,[426, -1020, -156],32601
(15, 27, 14),1340,[-648, -166, -495],32579
(15, 27, 15),1348,[-732, -346, -363],32547
(15, 27, 15),1348,[-559, -333, -541],32562
(15, 27, 16),1348,[-314, -1617, -543],32548
(15, 27, 16),1350,[1358, 64, -38],32533
(15, 27, 16),1350,[179, -1787, -143],32531
(15, 27, 17),1352,[-2048, -789, 299],32532
(15, 27, 17),1354,[341, 1453, 70],32362
(15, 27, 18),1354,[-445, -1163, -34],32265
(15, 27, 19),1356,[766, -1081, 59],31840
(15, 27, 19),1358,[1082, -553, 126],32220
(15, 27, 19),1358,[-535, -327, -212],32372
(15, 27, 20),1360,[697, 951, 106],32540
(15, 27, 20),1362,[730, -1956, -197],32518
(15, 27, 21),1362,[803, 86, -186],32539
(15, 27, 21),1364,[102, -2041, 254],32533
(15, 27, 22),1364,[381, -104, -18],32523
(15, 27, 22),1366,[384, -1013, -414],32514
(15, 27, 22),1366,[720, -524, 308],32521
(15, 27, 23),1366,[1474, -218, -686],32502
(15, 27, 24),1368,[2047, -1877, -1088],32332
(15, 27, 24),1370,[-194, -884, 144],32187
(15, 27, 25),1370,[1334, -1372, -392],31421
(15, 27, 25),1372,[689, -1225, -170],31175
(15, 27, 25),1372,[411, -727, 396],31681
(15, 27, 26),1372,[821, -838, -231],31647
(15, 27, 26),1374,[478, -1067, -175],31744
(15, 27, 27),1374,[879, -590, 174],31902
(15, 27, 27),1376,[75, -1524, 157],32243
(15, 27, 27),1378,[1012, -28, 249],32516
(15, 27, 28),1378,[-263, -859, 106],32472
(15, 27, 29),1380,[6, -945, 149],32503
(15, 27, 29),1382,[176, -369, 193],32469
(15, 27, 30),1382,[-177, -739, 58],32484
(15, 27, 30),1384,[27, -924, 225],32507
(15, 27, 30),1384,[138, -944, 106],32541
(15, 27, 31),1384,[46, -1337, 397],32531
(15, 27, 31),1386,[98, -1036, -136],32526
(15, 27, 32),1386,[-38, -749, -111],32535
(15, 27, 32),1388,[57, -1202, 22],32532
(15, 27, 32),1388,[552, -1184, -13],32542
(15, 27, 33),1388,[68, -1086, -22],32527
(15, 27, 34),1390,[-15, -790, -236],32532
(15, 27, 34),1392,[83, -73, -700],32535
(15, 27, 35),1392,[203, 62, -896],32555
(15, 27, 35),1392,[23, -367, -836],32570
(15, 27, 35),1394,[9, -1077, 642],32776
(15, 27, 36),1394,[-224, -686, 569],32550
(15, 27, 36),1396,[-21, -699, 481],32568
(15, 27, 37),1396,[250, -1016, 818],32828
(15, 27, 37),1398,[41, -803, 1015],32834
(15, 27, 37),1398,[344, -950, 828],32857
(15, 27, 38),1398,[-142, -784, 513],32780
(15, 27, 39),1400,[66, -789, 307],32527
(15, 27, 39),1402,[117, -928, 458],32530
(15, 27, 40),1402,[207, -1084, 1059],32815
(15, 27, 40),1402,[-136, -941, 206],32829
(15, 27, 40),1404,[80, -909, 362],32829
(15, 27, 41),1404,[52, -930, 224],32764
(15, 27, 41),1406,[287, -877, 305],32777
(15, 27, 42),1406,[259, -979, 188],32785
(15, 27, 42),1406,[281, -988, 195],32808
(15, 27, 43),1406,[297, -1040, 119],32766
(15, 27, 43),1406,[172, -1024, 64],32742
(15, 27, 44),1410,[-70, -1061, 124],32715
(15, 27, 44),1410,[-34, -1202, 152],32757
(15, 27, 45),1410,[428, -993, 174],32724
(15, 27, 45),1410,[557, -847, -140],32629
(15, 27, 46),1410,[285, -1060, 443],32567
(15, 27, 46),1410,[228, -819, 932],32575
(15, 27, 46),1410,[69, -980, 266],32699
(15, 27, 47),1410,[-37, -1032, 378],32802
(15, 27, 47),1410,[386, -859, 421],32806
(15, 27, 48),1410,[928, -652, 190],32824
(15, 27, 48),1410,[917, -566, 92],32819
(15, 27, 49),1410,[809, -541, 26],32811
(15, 27, 49),1410,[489, -596, 162],30377
(15, 27, 50),1410,[628, -884, -433],32046
(15, 27, 50),1410,[1051, -323, -497],31656
(15, 27, 51),1410,[659, -236, -815],31228
(15, 27, 51),1410,[633, -162, -751],32574
(15, 27, 51),1410,[711, -709, -213],31268
(15, 27, 52),1410,[1181, -441, -272],32800
(15, 27, 52),1410,[424, -735, -467],32812
(15, 27, 53),1410,[253, -793, -555],32679
(15, 27, 53),1410,[-72, -190, -1054],32796
(15, 27, 54),1410,[-121, -265, -1160],32551
(15, 27, 55),1410,[-426, -224, -928],32538
(15, 27, 55),1410,[38, -170, -967],32539
(15, 27, 55),1410,[46, -135, -1045],32538
(15, 27, 56),1410,[-239, -273, -1092],32537
(15, 27, 56),1410,[-97, -158, -1029],32545
