(3, 23, 54),0,[-101, 713, -742],None
(3, 23, 54),0,[-81, 689, -769],None
(3, 31, 30),0,[-34, 665, -806],None
(3, 31, 30),0,[-82, 624, -815],None
(3, 31, 35),0,[-51, 621, -822],None
(3, 31, 35),0,[-60, 614, -840],None
(3, 31, 42),0,[-39, 604, -845],None
(3, 31, 42),0,[-57, 594, -838],None
(3, 31, 55),0,[520, 593, -584],None
(3, 31, 56),0,[586, 607, -540],None
(3, 49, 43),0,[97, 764, -660],None
(3, 49, 43),0,[103, 764, -683],None
(3, 49, 53),0,[196, 776, -641],None
(3, 49, 54),0,[187, 759, -653],None
(3, 50, 0),0,[192, 745, -653],None
(3, 50, 0),0,[207, 747, -650],None
(4, 27, 3),0,[-390, 789, -554],None
(4, 27, 4),0,[-411, 773, -581],None
(4, 27, 4),0,[-402, 779, -573],None
(4, 27, 4),0,[-408, 775, -579],None
(4, 27, 5),0,[-415, 767, -577],None
(4, 27, 5),0,[-412, 770, -564],None
(4, 27, 6),0,[-352, 768, -664],None
(4, 27, 6),0,[-165, 924, -442],None
(4, 27, 7),0,[33, 959, -201],None
(4, 27, 7),0,[71, 947, -343],None
(4, 27, 8),0,[-54, 946, -372],None
(4, 27, 8),0,[-5, 955, -425],None
(4, 27, 9),0,[29, 991, -112],None
(4, 27, 9),0,[27, 962, -49],None
(4, 27, 10),0,[26, 1010, -130],None
(4, 27, 10),0,[-77, 1000, -165],None
(4, 27, 11),0,[-172, 1049, -62],None
(4, 27, 11),0,[-338, 1043, -76],None
(4, 27, 12),0,[-321, 823, -735],None
(4, 27, 12),0,[-389, 360, -912],None
(4, 27, 13),0,[-466, 178, -903],None
(4, 27, 13),0,[-400, 245, -986],None
(4, 27, 13),0,[-433, 32, -962],None
(4, 27, 14),0,[-453, 87, -967],None
(4, 27, 15),0,[-438, 71, -947],None
(4, 27, 15),0,[-443, 59, -954],None
(4, 27, 16),0,[-450, 75, -962],None
(4, 27, 16),0,[-456, 64, -956],None
(4, 27, 17),0,[-450, 58, -960],None
(4, 27, 17),0,[-448, 64, -958],None
(4, 27, 17),0,[-457, 75, -956],None
(4, 27, 18),0,[-459, 83, -958],None
(4, 27, 18),0,[-455, 70, -957],None
(4, 27, 19),0,[-459, 67, -961],None
(4, 27, 20),0,[-452, 71, -954],None
(4, 27, 20),0,[-450, 67, -955],None
(4, 27, 20),0,[-453, 63, -966],None
(4, 27, 21),0,[-455, 70, -954],None
(4, 27, 21),0,[-453, 72, -956],None
(4, 27, 22),0,[-455, 67, -950],None
(4, 27, 22),0,[-459, 68, -956],None
(4, 27, 23),0,[-446, 70, -960],None
(4, 27, 23),0,[-441, 57, -964],None
(4, 27, 24),0,[-447, 64, -954],None
(4, 27, 24),0,[-447, 63, -961],None
(4, 27, 25),0,[-449, 64, -959],None
(4, 27, 25),0,[-448, 64, -961],None
(4, 27, 26),0,[-447, 54, -960],None
(4, 27, 26),0,[-442, 50, -965],None
(4, 27, 27),0,[-441, 47, -951],None
(4, 27, 27),0,[-447, 73, -959],None
(4, 27, 28),0,[-446, 70, -962],None
(4, 27, 28),0,[-444, 63, -955],None
(4, 27, 28),0,[-446, 71, -956],None
(4, 27, 29),0,[-446, 71, -967],None
(4, 27, 29),0,[-444, 65, -956],None
(4, 27, 30),0,[-438, 62, -959],None
(4, 27, 31),0,[-441, 61, -960],None
(4, 27, 31),0,[-440, 63, -950],None
(4, 27, 31),0,[-416, 29, -989],None
(4, 27, 32),0,[-315, 50, -1035],None
(4, 27, 32),0,[-241, 131, -1013],None
(4, 27, 33),0,[-175, 192, -991],None
(4, 27, 33),0,[-252, 119, -974],None
(4, 27, 34),0,[-131, -134, -1025],None
(4, 27, 34),0,[-141, -55, -1037],None
(4, 27, 35),0,[-101, -16, -1016],None
(4, 27, 36),0,[-168, 5, -1033],None
(4, 27, 36),0,[-173, 46, -1020],None
(4, 29, 2),0,[-118, 154, -1021],None
(4, 29, 2),0,[-124, 166, -1019],None
(4, 29, 3),0,[-119, 155, -1024],None
(4, 29, 3),0,[-123, 162, -1024],None
(4, 29, 4),0,[-60, 207, -1048],None
(4, 29, 4),0,[-67, 168, -1022],None
(4, 29, 5),0,[-74, 166, -1021],None
(4, 29, 5),0,[-76, 167, -1018],None
(4, 29, 5),0,[-76, 166, -1018],None
(4, 29, 6),0,[-75, 168, -1022],None
(4, 29, 7),0,[-74, 169, -1018],None
(4, 29, 7),0,[-233, 182, -992],None
(4, 29, 8),0,[-316, 166, -984],None
(4, 29, 8),0,[-289, 123, -988],None
(4, 29, 9),0,[-142, 118, -1026],None
(4, 29, 9),0,[-105, 129, -1024],None
(4, 29, 10),0,[-99, 126, -1027],None
(4, 29, 10),0,[-99, 122, -1023],None
(4, 29, 10),0,[-100, 117, -1026],None
(4, 29, 11),0,[-103, 126, -1029],None
(4, 29, 12),0,[-95, 133, -1024],None
(4, 29, 12),0,[-100, 123, -1024],None
(4, 29, 13),0,[-96, 124, -1028],None
(4, 29, 13),0,[-99, 123, -1027],None
(4, 29, 14),0,[-102, 120, -1023],None
(4, 29, 14),0,[-98, 125, -1028],None
(4, 29, 15),0,[-101, 125, -1025],None
(4, 29, 15),0,[-98, 123, -1028],None
(4, 29, 15),0,[-97, 123, -1026],None
(4, 29, 16),0,[-100, 123, -1030],None
(4, 29, 16),0,[-99, 118, -1027],None
(4, 29, 17),0,[-97, 124, -1029],None
(4, 29, 18),0,[-100, 136, -1020],None
(4, 29, 18),0,[-106, 134, -1023],None
(4, 29, 19),0,[-98, 139, -1032],None
(4, 29, 19),0,[-109, 135, -1026],None
(4, 29, 20),0,[-108, 140, -1027],None
(4, 29, 20),0,[-105, 135, -1025],None
(4, 29, 21),0,[-107, 134, -1024],None
(4, 29, 21),0,[-495, -229, -980],None
(4, 29, 21),0,[-714, 389, -651],None
(4, 29, 22),0,[-805, 309, -653],None
(4, 29, 23),0,[-436, 469, -1145],None
(4, 29, 23),0,[-81, 248, -1050],None
(4, 29, 24),0,[-60, 267, -994],None
(4, 29, 24),0,[-62, 285, -1002],None
(4, 29, 25),0,[-71, 264, -1009],None
(4, 29, 25),0,[-72, 224, -1015],None
(4, 29, 26),0,[12, 75, -1055],None
(4, 29, 26),0,[-384, 159, -967],None
(4, 29, 26),0,[-310, 87, -1007],None
(4, 29, 27),0,[-313, 0, -991],None
(4, 29, 27),0,[-266, 17, -988],None
(4, 29, 28),0,[-315, -5, -1024],None
(4, 29, 29),0,[-334, 47, -989],None
(4, 29, 29),0,[-291, 130, -1000],None
(4, 29, 30),0,[-311, 89, -998],None
(4, 29, 30),0,[-296, 61, -1005],None
(4, 29, 31),0,[-298, 54, -1010],None
(4, 29, 31),0,[-287, 71, -1003],None
(4, 29, 31),0,[-316, 42, -998],None
(4, 29, 32),0,[-316, 51, -999],None
(4, 29, 32),0,[-302, 66, -1000],None
(4, 29, 33),0,[-320, 41, -999],None
(4, 29, 34),0,[-293, 44, -1001],None
(4, 29, 34),0,[-252, 49, -1008],None
(4, 29, 35),0,[-277, 37, -1008],None
(4, 29, 35),0,[-283, 42, -1007],None
(4, 29, 36),0,[-275, 44, -1005],None
(4, 29, 36),0,[-280, 55, -1004],None
(4, 29, 36),0,[-279, 38, -1007],None
(4, 29, 37),0,[-284, 39, -1008],None
(4, 29, 37),0,[-284, 33, -1007],None
(4, 29, 38),0,[-283, 31, -1007],None
(4, 29, 38),0,[-281, 32, -1007],None
(4, 29, 39),0,[-278, 32, -1009],None
(4, 29, 40),0,[-283, 28, -1007],None
(4, 29, 40),0,[-285, 28, -1006],None
(4, 29, 41),0,[-282, 20, -1005],None
(4, 29, 41),0,[-286, 21, -1005],None
(4, 29, 41),0,[-284, 33, -1008],None
(4, 29, 42),0,[-277, 30, -1005],None
(4, 29, 42),0,[-281, 17, -1007],None
(4, 29, 43),0,[-284, 26, -1011],None
(4, 29, 43),0,[-282, 26, -1006],None
(4, 29, 44),0,[-285, 25, -1005],None
(4, 29, 45),0,[-282, 27, -1008],None
(4, 29, 45),0,[-278, 25, -1012],None
(4, 29, 46),0,[-285, 17, -1007],None
(4, 29, 46),0,[-285, 21, -1006],None
(4, 29, 47),0,[-286, 15, -1010],None
(4, 29, 47),0,[-287, 14, -1006],None
(4, 29, 47),0,[-282, 23, -1010],None
(4, 29, 48),0,[-281, 20, -1005],None
(4, 29, 48),0,[-283, 24, -1009],None
(4, 29, 49),0,[-281, 17, -1005],None
(4, 29, 49),0,[-288, 17, -1006],None
(4, 29, 50),0,[-284, 24, -1008],None
(4, 29, 51),0,[-283, 28, -1008],None
(4, 29, 51),0,[-283, 20, -1007],None
(4, 29, 52),0,[-279, 25, -1012],None
(4, 29, 52),0,[-277, 22, -1007],None
(4, 29, 52),0,[-293, 44, -1004],None
(4, 29, 53),0,[-297, 50, -1003],None
(4, 29, 53),0,[-287, 40, -1004],None
(4, 29, 54),0,[-291, 38, -1006],None
(4, 29, 54),0,[-292, 47, -1003],None
(4, 29, 55),0,[-290, 44, -1005],None
(4, 29, 56),0,[-292, 45, -1005],None
(4, 29, 56),0,[-294, 43, -1005],None
(4, 29, 57),0,[-289, 45, -1001],None
(4, 29, 57),0,[-290, 46, -1004],None
(4, 29, 57),0,[-294, 45, -1009],None
(4, 29, 58),0,[-295, 42, -1005],None
(4, 29, 58),0,[-296, 45, -1003],None
(4, 29, 59),0,[-294, 46, -1005],None
(4, 29, 59),0,[-295, 45, -1006],None
(4, 30, 0),0,[-293, 40, -1005],None
(4, 30, 0),0,[-294, 35, -1005],None
(4, 30, 1),0,[-293, 39, -1005],None
(4, 30, 2),0,[-296, 35, -1006],None
(4, 30, 2),0,[-290, 40, -1004],None
(4, 30, 2),0,[-293, 39, -1008],None
(4, 30, 3),0,[-296, 45, -1004],None
(4, 30, 3),0,[-294, 44, -1006],None
(4, 30, 4),0,[-293, 36, -1008],None
(4, 30, 4),0,[-295, 38, -1005],None
(4, 30, 5),0,[-303, 35, -1002],None
(4, 30, 5),0,[-287, 37, -1002],None
(4, 30, 6),0,[-283, 35, -1002],None
(4, 30, 7),0,[-281, 35, -1003],None
(4, 30, 7),0,[-281, 36, -1008],None
(4, 30, 8),0,[-289, 42, -1004],None
(4, 30, 8),0,[-290, 36, -1006],None
(4, 30, 9),0,[-291, 35, -1011],None
(4, 30, 9),0,[-282, 35, -1005],None
(4, 30, 9),0,[-287, 26, -1009],None
(4, 30, 10),0,[-289, 31, -1007],None
(4, 30, 10),0,[-289, 29, -1004],None
(4, 30, 11),0,[-291, 24, -1007],None
(4, 30, 11),0,[-291, 22, -1006],None
(4, 30, 12),0,[-292, 32, -1003],None
(4, 30, 13),0,[-286, 31, -1005],None
(4, 30, 13),0,[-286, 30, -1003],None
(4, 30, 13),0,[-291, 33, -1004],None
(4, 30, 14),0,[-291, 26, -1001],None
(4, 30, 14),0,[-297, 28, -1006],None
(4, 30, 15),0,[-290, 25, -1008],None
(4, 30, 15),0,[-282, 25, -1007],None
(4, 30, 16),0,[-291, 25, -1008],None
(4, 30, 16),0,[-288, 21, -1009],None
(4, 30, 17),0,[-293, 25, -1003],None
(4, 30, 18),0,[-289, 17, -1007],None
(4, 30, 18),0,[-293, 20, -1004],None
(4, 30, 19),0,[-291, 24, -1007],None
(4, 30, 19),0,[-288, 20, -1006],None
(4, 30, 19),0,[-290, 23, -1005],None
(4, 30, 20),0,[-288, 19, -1003],None
(4, 30, 20),0,[-289, 18, -1005],None
(4, 30, 21),0,[-290, 16, -1006],None
(4, 30, 21),0,[-290, 23, -1007],None
(4, 30, 22),0,[-289, 19, -1005],133
(4, 30, 22),0,[-290, 21, -1007],133
(4, 30, 23),0,[-293, 24, -1009],133
(4, 30, 24),0,[-290, 23, -1004],133
(4, 30, 24),0,[-290, 20, -1007],133
(4, 30, 24),0,[-288, 16, -1007],133
(4, 30, 25),0,[-290, 22, -1003],133
(4, 30, 25),0,[-296, 15, -1005],133
(4, 30, 26),0,[-291, 23, -1006],133
(4, 30, 26),0,[-293, 25, -1007],133
(4, 30, 27),0,[-290, 22, -1004],133
(4, 30, 27),0,[-299, 19, -1005],133
(4, 30, 28),0,[-290, 26, -1005],133
(4, 30, 29),0,[-292, 18, -1004],133
(4, 30, 29),0,[-292, 13, -1004],133
(4, 30, 30),0,[-293, 20, -1009],133
(4, 30, 30),0,[-294, 18, -1005],133
(4, 30, 30),0,[-297, 20, -1006],133
(4, 30, 31),0,[-291, 20, -1007],133
(4, 30, 31),0,[-296, 19, -1007],133
(4, 30, 32),0,[-293, 24, -1010],133
(4, 30, 32),0,[-296, 22, -1001],133
(4, 30, 33),0,[-295, 23, -1006],133
(4, 30, 33),0,[-294, 18, -1005],133
(4, 30, 34),0,[-292, 17, -1006],133
(4, 30, 35),0,[-290, 20, -1008],133
(4, 30, 35),0,[-294, 23, -1009],133
(4, 30, 35),0,[-300, 14, -1003],133
(4, 30, 36),0,[-293, 19, -1007],133
(4, 30, 36),0,[-296, 20, -1007],133
(4, 30, 37),0,[-292, 21, -1002],133
(4, 30, 37),0,[-291, 22, -1005],133
(4, 30, 38),0,[-295, 19, -1003],133
(4, 30, 38),0,[-289, 20, -1005],133
(4, 30, 39),0,[-295, 18, -1007],133
(4, 30, 39),0,[-293, 22, -1003],133
(4, 30, 40),0,[-293, 19, -1005],133
(4, 30, 40),0,[-288, 25, -1006],133
(4, 30, 41),0,[-295, 26, -1010],133
(4, 30, 41),0,[-295, 19, -1009],133
(4, 30, 42),0,[-294, 14, -1005],133
(4, 30, 42),0,[-295, 18, -1004],133
(4, 30, 43),0,[-294, 19, -1004],133
(4, 30, 43),0,[-289, 13, -1006],133
(4, 30, 44),0,[-295, 21, -1005],133
(4, 30, 44),0,[-290, 27, -1003],133
(4, 30, 45),0,[-331, 1, -996],133
(4, 30, 45),0,[-314, 9, -997],133
(4, 30, 46),0,[-317, 3, -995],133
(4, 30, 46),0,[-317, 7, -998],133
(4, 30, 47),0,[-315, 4, -999],133
(4, 30, 47),0,[-322, 6, -999],133
(4, 30, 48),0,[-316, -12, -1000],133
(4, 30, 48),0,[-294, 13, -1012],133
(4, 30, 49),0,[-305, 5, -1002],133
(4, 30, 49),0,[-305, 1, -1004],133
(4, 30, 50),0,[-312, 5, -1003],133
(4, 30, 50),0,[-314, 5, -1000],133
(4, 30, 51),0,[-309, 9, -1000],133
(4, 30, 51),0,[-310, 6, -1001],133
(4, 30, 52),0,[-301, 12, -1004],133
(4, 30, 52),0,[-303, 9, -1001],133
(4, 30, 53),0,[-300, 8, -1003],133
(4, 30, 53),0,[-305, 10, -1002],133
(4, 30, 54),0,[-307, 10, -1000],133
(4, 30, 54),0,[-303, 6, -1004],133
(4, 30, 55),0,[-303, 7, -1004],133
(4, 30, 55),0,[-302, 8, -1000],133
(4, 30, 56),0,[-303, 10, -1005],133
(4, 30, 56),0,[-305, 6, -999],133
(4, 30, 57),0,[-305, 7, -1003],133
(4, 30, 57),0,[-303, 8, -999],133
(4, 30, 58),0,[-306, 7, -1002],133
(4, 30, 58),0,[-300, 13, -1003],133
(4, 30, 59),0,[-307, 12, -1005],133
(4, 30, 59),0,[-305, 6, -999],133
(4, 31, 0),0,[-304, 17, -1001],133
(4, 31, 0),0,[-309, 1, -997],133
(4, 31, 1),0,[-301, 7, -1007],133
(4, 31, 1),0,[-294, 2, -999],133
(4, 31, 2),0,[-303, 2, -999],None
(4, 31, 2),0,[-305, 6, -1006],None
(4, 31, 3),0,[-306, 2, -1005],None
(4, 31, 3),0,[-303, 4, -1001],None
(4, 31, 4),0,[-305, 1, -1003],None
(4, 31, 4),0,[-303, 8, -1001],None
(4, 31, 5),0,[-303, 6, -1005],None
(4, 31, 5),0,[-303, 8, -1003],None
(4, 31, 6),0,[-305, 13, -1005],None
(4, 31, 6),0,[-304, 3, -1005],None
(4, 31, 7),0,[-299, 10, -1006],None
(4, 31, 7),0,[-303, 8, -1002],None
(4, 31, 8),0,[-304, 5, -1004],None
(4, 31, 8),0,[-303, 13, -1004],None
(4, 31, 9),0,[-304, 7, -1003],None
(4, 31, 9),0,[-304, 0, -1004],None
(4, 31, 10),0,[-302, 3, -1001],None
(4, 31, 10),0,[-301, 9, -1003],None
(4, 31, 11),0,[-300, 10, -1003],None
(4, 31, 11),0,[-303, 7, -998],None
(4, 31, 12),0,[-301, 4, -1000],None
(4, 31, 12),0,[-303, 11, -1004],None
(4, 31, 13),0,[-301, 11, -1003],None
(4, 31, 13),0,[-300, 8, -1004],None
(4, 31, 14),0,[-305, 5, -1001],None
(4, 31, 14),0,[-305, 7, -1000],None
(4, 31, 15),0,[-299, 9, -1004],None
(4, 31, 15),0,[-303, 7, -1002],None
(4, 31, 16),0,[-299, 15, -1003],None
(4, 31, 16),0,[-300, 14, -1002],None
(4, 31, 17),0,[-303, 12, -1005],None
(4, 31, 17),0,[-303, 12, -1002],None
(4, 31, 18),0,[-301, 13, -1001],None
(4, 31, 18),0,[-301, 14, -1004],None
(4, 31, 19),0,[-298, 11, -999],None
(4, 31, 19),0,[-302, 8, -1005],None
(4, 31, 20),0,[-302, 8, -1003],None
(4, 31, 20),0,[-300, 13, -1001],None
(4, 31, 21),0,[-298, 10, -1007],None
(4, 31, 21),0,[-295, 11, -1001],None
(4, 31, 22),0,[-297, 12, -1000],None
(4, 31, 22),0,[-300, 9, -1005],None
(4, 31, 23),0,[-300, 7, -1001],None
(4, 31, 23),0,[-297, 9, -1002],None
(4, 31, 24),0,[-303, 10, -1005],None
(4, 31, 24),0,[-299, 12, -1005],None
(4, 31, 25),0,[-300, 13, -1004],None
(4, 31, 25),0,[-299, 8, -1001],None
(4, 31, 26),0,[-302, 12, -1002],None
(4, 31, 26),0,[-303, 14, -1000],None
(4, 31, 27),0,[-301, 6, -1003],None
(4, 31, 27),0,[-298, 16, -1006],None
(4, 31, 28),0,[-301, 6, -1002],None
(4, 31, 28),0,[-303, 9, -1007],None
(4, 31, 29),0,[-303, 11, -1003],None
(4, 31, 29),0,[-302, 7, -1003],None
(4, 31, 30),0,[-301, 10, -1003],None
(4, 31, 30),0,[-299, 12, -1000],None
(4, 31, 31),0,[-301, 7, -1004],None
(4, 31, 31),0,[-299, 12, -1007],None
(4, 31, 32),0,[-300, 6, -1004],None
(4, 31, 32),0,[-300, 1, -1002],None
(4, 31, 33),0,[-305, 6, -1005],None
(4, 31, 33),0,[-306, 8, -1000],None
(4, 31, 33),0,[-338, -64, -988],None
(4, 31, 34),0,[-555, -254, -759],None
(4, 31, 35),0,[-799, 84, -681],None
(4, 31, 35),0,[-833, 203, -651],None
(4, 31, 36),0,[-893, 259, -559],None
(4, 31, 36),0,[-890, 255, -547],None
(4, 31, 37),0,[-891, 247, -547],None
(4, 31, 37),0,[-886, 251, -558],None
(4, 31, 38),0,[-884, 244, -559],None
(4, 31, 38),0,[-886, 265, -561],None
(4, 31, 38),0,[-883, 262, -562],None
(4, 31, 39),0,[-879, 254, -564],None
(4, 31, 40),0,[-879, 250, -579],None
(4, 31, 40),0,[-875, 244, -583],None
(4, 31, 41),0,[-881, 243, -570],None
(4, 31, 41),0,[-884, 242, -564],None
(4, 31, 42),0,[-885, 248, -566],None
(4, 31, 42),0,[-890, 251, -559],None
(4, 31, 43),0,[-887, 248, -566],None
(4, 31, 43),0,[-883, 247, -561],None
(4, 31, 44),0,[-884, 248, -559],None
(4, 31, 44),0,[-883, 254, -562],None
(4, 31, 44),0,[-882, 262, -558],None
(4, 31, 45),0,[-887, 255, -555],None
(4, 31, 46),0,[-885, 260, -551],None
(4, 31, 46),0,[-890, 254, -545],None
(4, 31, 47),0,[-895, 257, -546],None
(4, 31, 47),0,[-895, 270, -536],None
(4, 31, 48),0,[-893, 276, -533],None
(4, 31, 48),0,[-904, 288, -510],None
(4, 31, 49),0,[-910, 256, -514],None
(4, 31, 49),0,[-915, 174, -547],None
(4, 31, 50),0,[-918, 135, -544],None
(4, 31, 50),0,[-912, 171, -555],None
(4, 31, 51),0,[-924, 160, -525],None
(4, 31, 51),0,[-921, 173, -532],None
(4, 31, 52),0,[-922, 194, -522],None
(4, 31, 52),0,[-921, 181, -522],None
(4, 31, 53),0,[-925, 173, -516],None
(4, 31, 53),0,[-931, 185, -507],None
(4, 31, 54),0,[-926, 208, -492],None
(4, 31, 54),0,[-928, 183, -522],None
(4, 31, 55),0,[-927, 176, -520],None
(4, 31, 55),0,[-918, 99, -534],None
(4, 31, 55),0,[-946, 54, -520],None
(4, 31, 56),0,[-949, 70, -521],None
(4, 31, 57),0,[-934, 79, -540],None
(4, 31, 57),0,[-935, 30, -528],None
(4, 31, 58),0,[-938, 63, -523],None
(4, 31, 58),0,[-934, 60, -529],None
(4, 31, 59),0,[-937, 70, -523],None
(4, 31, 59),0,[-930, 58, -535],None
(4, 32, 0),0,[-934, 60, -529],None
(4, 32, 0),0,[-935, 70, -526],None
(4, 32, 0),0,[-933, 73, -530],None
(4, 32, 1),0,[-933, 70, -528],None
(4, 32, 2),0,[-936, 75, -530],None
(4, 32, 2),0,[-934, 71, -536],None
(4, 32, 3),0,[-927, 73, -537],None
(4, 32, 3),0,[-921, 65, -551],None
(4, 32, 4),0,[-923, 75, -549],None
(4, 32, 4),0,[-921, 73, -549],None
(4, 32, 4),0,[-919, 77, -552],None
(4, 32, 5),0,[-919, 78, -546],None
(4, 32, 5),0,[-923, 78, -551],None
(4, 32, 6),0,[-923, 77, -550],None
(4, 32, 6),0,[-929, 74, -537],None
(4, 32, 7),0,[-932, 82, -537],None
(4, 32, 8),0,[-929, 79, -533],None
(4, 32, 8),0,[-928, 82, -539],None
(4, 32, 9),0,[-929, 80, -538],None
(4, 32, 9),0,[-929, 84, -537],None
(4, 32, 9),0,[-930, 76, -533],None
(4, 32, 10),0,[-931, 86, -535],None
(4, 32, 10),0,[-931, 86, -539],None
(4, 32, 11),0,[-928, 80, -532],None
(4, 32, 11),0,[-926, 84, -540],None
(4, 32, 12),0,[-925, 76, -545],None
(4, 32, 13),0,[-923, 91, -544],None
(4, 32, 13),0,[-923, 91, -547],None
(4, 32, 13),0,[-925, 88, -545],None
(4, 32, 14),0,[-924, 91, -547],None
(4, 32, 14),0,[-920, 89, -549],None
(4, 32, 15),0,[-922, 86, -545],None
(4, 32, 15),0,[-920, 93, -551],None
(4, 32, 16),0,[-924, 90, -551],None
(4, 32, 16),0,[-923, 99, -546],None
(4, 32, 17),0,[-921, 95, -543],None
(4, 32, 17),0,[-924, 98, -546],None
(4, 32, 18),0,[-925, 85, -544],None
(4, 32, 18),0,[-926, 96, -540],None
(4, 32, 19),0,[-924, 90, -543],None
(4, 32, 19),0,[-927, 99, -531],None
(4, 32, 20),0,[-922, 101, -546],None
(4, 32, 20),0,[-925, 91, -536],None
(4, 32, 21),0,[-921, 100, -550],None
(4, 32, 21),0,[-919, 88, -541],85
(4, 32, 22),0,[-920, 95, -548],85
(4, 32, 22),0,[-923, 99, -543],85
(4, 32, 23),0,[-925, 106, -540],85
(4, 32, 23),0,[-922, 102, -545],85
(4, 32, 24),0,[-923, 106, -541],85
(4, 32, 24),0,[-923, 104, -541],85
(4, 32, 25),0,[-920, 107, -544],85
(4, 32, 25),0,[-928, 121, -525],85
(4, 32, 26),0,[-927, 108, -537],85
(4, 32, 26),0,[-923, 112, -535],85
(4, 32, 27),0,[-925, 128, -542],85
(4, 32, 27),0,[-912, 94, -578],85
(4, 32, 28),0,[-924, 121, -527],85
(4, 32, 28),0,[-927, 145, -535],85
(4, 32, 29),0,[-921, 144, -536],85
(4, 32, 29),0,[-919, 148, -538],85
(4, 32, 30),0,[-923, 150, -532],85
(4, 32, 30),0,[-921, 148, -539],85
(4, 32, 31),0,[-922, 154, -539],85
(4, 32, 31),0,[-930, 91, -540],85
(4, 32, 32),0,[-932, 70, -547],85
(4, 32, 32),0,[-943, 73, -518],85
(4, 32, 33),0,[-937, 91, -519],85
(4, 32, 33),0,[-940, 78, -511],85
(4, 32, 34),0,[-942, 90, -517],85
(4, 32, 34),0,[-939, 102, -511],85
(4, 32, 35),0,[-940, 103, -509],85
(4, 32, 35),0,[-941, 111, -513],85
(4, 32, 36),0,[-940, 106, -514],85
(4, 32, 36),0,[-941, 125, -510],85
(4, 32, 37),0,[-945, 137, -492],85
(4, 32, 37),0,[-937, 142, -508],85
(4, 32, 38),0,[-938, 133, -509],85
(4, 32, 38),0,[-938, 142, -499],85
(4, 32, 39),0,[-931, 143, -507],85
(4, 32, 39),0,[-925, 176, -522],85
(4, 32, 40),0,[-922, 160, -526],85
(4, 32, 40),0,[-929, 162, -519],85
(4, 32, 41),0,[-931, 179, -518],85
(4, 32, 41),0,[-942, 163, -501],85
(4, 32, 42),0,[-936, 166, -504],85
(4, 32, 42),0,[-938, 168, -510],85
(4, 32, 43),0,[-936, 166, -499],85
(4, 32, 43),0,[-937, 208, -504],85
(4, 32, 44),0,[-924, 173, -527],85
(4, 32, 44),0,[-924, 191, -522],85
(4, 32, 44),0,[-924, 203, -521],85
(4, 32, 45),0,[-921, 341, -414],85
(4, 32, 46),0,[-927, 389, -391],85
(4, 32, 46),0,[-928, 384, -383],85
(4, 32, 47),0,[-926, 380, -389],85
(4, 32, 47),0,[-928, 387, -393],85
(4, 32, 48),0,[-926, 387, -387],85
(4, 32, 48),0,[-924, 387, -388],85
(4, 32, 49),0,[-923, 390, -394],85
(4, 32, 49),0,[-924, 389, -383],85
(4, 32, 49),0,[-897, 408, -444],85
(4, 32, 50),0,[-891, 397, -433],85
(4, 32, 51),0,[-895, 392, -442],85
(4, 32, 51),0,[-886, 426, -445],85
(4, 32, 52),0,[-886, 402, -446],85
(4, 32, 52),0,[-886, 400, -444],85
(4, 32, 53),0,[-878, 403, -466],85
(4, 32, 53),0,[-881, 400, -469],85
(4, 32, 54),0,[-880, 398, -471],85
(4, 32, 54),0,[-879, 396, -470],85
(4, 32, 54),0,[-894, 500, -396],85
(4, 32, 55),0,[-115, -215, -1414],85
(4, 32, 55),0,[-15, -66, -1093],85
(4, 32, 56),0,[4, -116, -1036],85
(4, 32, 57),0,[8, -156, -1017],85
(4, 32, 57),0,[7, -92, -1024],85
(4, 32, 58),0,[10, -118, -1029],85
(4, 32, 58),0,[9, -107, -1029],85
(4, 32, 58),0,[2, -103, -1020],85
(4, 32, 59),0,[9, -95, -1020],85
(4, 32, 59),0,[5, -107, -1022],85
(4, 33, 0),0,[1, -105, -1031],85
(4, 33, 0),0,[5, -109, -1026],85
(4, 33, 1),0,[3, -106, -1021],54
(4, 33, 2),0,[6, -108, -1026],54
(4, 33, 2),0,[4, -109, -1028],54
(4, 33, 3),0,[8, -111, -1025],54
(4, 33, 3),0,[7, -111, -1021],54
(4, 33, 3),0,[8, -111, -1033],54
(4, 33, 4),0,[7, -112, -1022],54
(4, 33, 4),0,[3, -116, -1025],54
(4, 33, 5),0,[10, -113, -1027],54
(4, 33, 5),0,[4, -111, -1029],54
(4, 33, 6),0,[5, -111, -1024],54
(4, 33, 6),0,[3, -113, -1021],54
(4, 33, 7),0,[7, -117, -1027],54
(4, 33, 8),0,[0, -114, -1023],54
(4, 33, 8),0,[6, -114, -1025],54
(4, 33, 8),0,[2, -106, -1040],54
(4, 33, 9),0,[6, -108, -1026],54
(4, 33, 9),0,[3, -126, -1029],54
(4, 33, 10),0,[4, -124, -1024],54
(4, 33, 10),0,[-1, -126, -1021],54
(4, 33, 11),0,[0, -126, -1021],54
(4, 33, 11),0,[0, -124, -1026],54
(4, 33, 12),0,[-2, -128, -1023],54
(4, 33, 12),0,[4, -124, -1023],54
(4, 33, 13),0,[-1, -127, -1020],54
(4, 33, 13),0,[0, -126, -1022],54
(4, 33, 14),0,[3, -127, -1021],54
(4, 33, 14),0,[2, -125, -1020],54
(4, 33, 15),0,[1, -130, -1025],54
(4, 33, 15),0,[2, -129, -1022],54
(4, 33, 16),0,[3, -130, -1024],54
(4, 33, 16),0,[-1, -130, -1024],54
(4, 33, 17),0,[4, -130, -1021],54
(4, 33, 17),0,[-1, -130, -1024],54
(4, 33, 18),0,[-2, -131, -1021],54
(4, 33, 18),0,[2, -132, -1016],54
(4, 33, 19),0,[-1, -132, -1025],54
(4, 33, 19),0,[-1, -130, -1022],54
(4, 33, 20),0,[3, -128, -1019],54
(4, 33, 20),0,[2, -130, -1018],54
(4, 33, 21),0,[-4, -127, -1023],54
(4, 33, 21),0,[2, -128, -1020],54
(4, 33, 22),0,[-2, -133, -1022],54
(4, 33, 22),0,[-1, -135, -1021],54
(4, 33, 22),0,[-2, -127, -1022],54
(4, 33, 23),0,[-1, -139, -1023],54
(4, 33, 24),0,[0, -126, -1019],54
(4, 33, 24),0,[1, -134, -1021],54
(4, 33, 25),0,[2, -131, -1021],54
(4, 33, 25),0,[2, -134, -1024],54
(4, 33, 26),0,[-1, -133, -1022],54
(4, 33, 26),0,[0, -133, -1025],54
(4, 33, 26),0,[2, -134, -1024],54
(4, 33, 27),0,[-1, -135, -1023],54
(4, 33, 27),0,[0, -132, -1018],54
(4, 33, 28),0,[4, -133, -1021],54
(4, 33, 29),0,[0, -133, -1021],54
(4, 33, 29),0,[2, -131, -1022],54
(4, 33, 30),0,[-4, -134, -1023],54
(4, 33, 30),0,[1, -133, -1021],54
(4, 33, 30),0,[3, -134, -1023],54
(4, 33, 31),0,[1, -134, -1021],54
(4, 33, 31),0,[-4, -132, -1022],54
(4, 33, 32),0,[-1, -137, -1021],54
(4, 33, 32),0,[-1, -131, -1023],54
(4, 33, 33),0,[-2, -134, -1024],54
(4, 33, 33),0,[1, -135, -1021],54
(4, 33, 34),0,[2, -139, -1022],54
(4, 33, 35),0,[3, -130, -1022],54
(4, 33, 35),0,[-4, -137, -1011],54
(4, 33, 35),0,[-4, -119, -1018],54
(4, 33, 36),0,[-2, -125, -1027],54
(4, 33, 36),0,[10, -117, -1035],54
(4, 33, 37),0,[-19, 25, -1065],54
(4, 33, 37),0,[-57, -78, -1232],54
(4, 33, 38),0,[-564, 81, -817],54
(4, 33, 38),0,[-531, 427, -863],54
(4, 33, 39),0,[-525, 380, -864],54
(4, 33, 40),0,[-548, 406, -823],54
(4, 33, 40),0,[-555, 399, -806],54
(4, 33, 40),0,[-556, 398, -811],61
(4, 33, 41),0,[-565, 395, -809],61
(4, 33, 41),0,[-559, 393, -813],61
(4, 33, 42),0,[-556, 391, -812],61
(4, 33, 42),0,[-564, 328, -839],61
(4, 33, 43),0,[-591, 318, -819],61
(4, 33, 43),0,[-599, 325, -817],61
(4, 33, 44),0,[-599, 315, -815],61
(4, 33, 44),0,[-602, 319, -819],61
(4, 33, 45),0,[-605, 314, -818],61
(4, 33, 45),0,[-607, 310, -815],61
(4, 33, 46),0,[-609, 311, -810],61
(4, 33, 46),0,[-605, 316, -814],61
(4, 33, 47),0,[-609, 314, -814],61
(4, 33, 47),0,[-614, 305, -806],61
(4, 33, 48),0,[-608, 309, -813],61
(4, 33, 48),0,[-613, 311, -812],61
(4, 33, 49),0,[-610, 312, -809],61
(4, 33, 49),0,[-614, 308, -816],61
(4, 33, 50),0,[-607, 313, -815],61
(4, 33, 50),0,[-610, 309, -814],61
(4, 33, 51),0,[-603, 302, -807],61
(4, 33, 51),0,[-594, 313, -819],61
(4, 33, 52),0,[-588, 316, -829],61
(4, 33, 52),0,[-590, 307, -833],61
(4, 33, 53),0,[-584, 312, -825],61
(4, 33, 53),0,[-558, 333, -846],61
(4, 33, 54),0,[-562, 317, -842],61
(4, 33, 54),0,[-562, 322, -836],61
(4, 33, 54),0,[-559, 236, -707],61
(4, 33, 55),0,[-106, 303, -1209],61
(4, 33, 56),0,[-46, 214, -991],61
(4, 33, 56),0,[-32, 215, -1002],61
(4, 33, 57),0,[-35, 227, -1009],61
(4, 34, 26),0,[-13, 185, -1008],61
(4, 34, 26),0,[-12, 187, -1013],61
(4, 34, 27),0,[-14, 190, -1008],61
(4, 34, 27),0,[-8, 193, -1015],61
(4, 34, 28),0,[-12, 191, -1019],61
(4, 34, 28),0,[-11, 192, -1013],61
(4, 34, 29),0,[-8, 189, -1016],61
(4, 34, 29),0,[-5, 189, -1014],61
(4, 34, 30),0,[-11, 185, -1013],61
(4, 34, 30),0,[-8, 186, -1013],61
(4, 34, 31),0,[-11, 190, -1017],61
(4, 34, 31),0,[-7, 186, -1018],61
(4, 34, 32),0,[-12, 186, -1009],61
(4, 34, 32),0,[-10, 187, -1013],61
(4, 34, 33),0,[-7, 189, -1015],61
(4, 34, 33),0,[-9, 190, -1013],61
(4, 34, 34),0,[-10, 190, -1008],61
(4, 34, 34),0,[-2, 187, -1027],61
(4, 34, 34),0,[-12, 220, -1013],61
(4, 34, 35),0,[-23, 223, -1008],61
(4, 34, 36),0,[-21, 227, -1007],61
(4, 34, 36),0,[-21, 227, -1006],61
(4, 34, 37),0,[-24, 228, -1007],61
(4, 34, 37),0,[-18, 230, -1010],61
(4, 34, 38),0,[-19, 223, -1010],61
(4, 34, 38),0,[-25, 232, -1004],61
(4, 34, 39),0,[-21, 229, -1008],61
(4, 34, 39),0,[-21, 227, -1007],61
(4, 34, 39),0,[-21, 228, -1008],61
(4, 34, 40),0,[-37, 303, -1030],61
(4, 34, 41),0,[-73, 228, -960],61
(4, 34, 41),0,[-50, 194, -1002],61
(4, 34, 42),0,[-41, 212, -1011],61
(4, 34, 42),0,[-43, 212, -1006],61
(4, 34, 43),0,[-52, 230, -995],61
(4, 34, 43),0,[-38, 195, -1026],61
(4, 34, 43),0,[-45, 197, -1010],61
(4, 34, 44),0,[-36, 188, -1022],61
(4, 34, 44),0,[-41, 206, -992],61
(4, 34, 45),0,[-37, 197, -1016],61
(4, 34, 45),0,[-35, 189, -1016],61
(4, 34, 46),0,[-43, 196, -1014],61
(4, 34, 47),0,[-41, 199, -1014],61
(4, 34, 47),0,[-38, 194, -1014],61
(4, 34, 48),0,[-43, 221, -1015],61
(4, 34, 48),0,[-42, 205, -1017],61
(4, 34, 48),0,[-45, 200, -1010],61
(4, 34, 49),0,[-38, 198, -1014],61
(4, 34, 49),0,[-45, 199, -1009],61
(4, 34, 50),0,[-40, 204, -1016],61
(4, 34, 50),0,[-41, 195, -1020],61
(4, 34, 51),0,[-42, 193, -1015],61
(4, 34, 52),0,[-43, 193, -1012],61
(4, 34, 52),0,[-41, 199, -1013],61
(4, 34, 53),0,[-38, 190, -1019],61
(4, 34, 53),0,[-43, 194, -1013],61
(4, 34, 54),0,[-41, 190, -1014],61
(4, 34, 54),0,[-41, 195, -1016],61
(4, 34, 54),0,[-42, 197, -1013],61
(4, 34, 55),0,[-43, 190, -1015],61
(4, 34, 55),0,[-44, 192, -1012],61
(4, 34, 56),0,[-42, 190, -1015],61
(4, 34, 56),0,[-46, 194, -1009],61
(4, 34, 57),0,[-42, 191, -1017],61
(4, 34, 58),0,[-42, 189, -1010],61
(4, 34, 58),0,[-42, 195, -1017],61
(4, 34, 58),0,[-41, 193, -1016],61
(4, 34, 59),0,[-42, 194, -1008],61
(4, 34, 59),0,[-45, 193, -1010],61
(4, 35, 0),0,[-41, 192, -1012],61
(4, 35, 0),0,[-44, 194, -1017],61
(4, 35, 1),0,[-44, 194, -1018],61
(4, 35, 1),0,[-42, 187, -1016],61
(4, 35, 2),0,[-42, 192, -1014],61
(4, 35, 3),0,[-41, 192, -1018],61
(4, 35, 3),0,[-43, 192, -1017],61
(4, 35, 3),0,[-41, 189, -1017],61
(4, 35, 4),0,[-40, 186, -1015],61
(4, 35, 4),0,[-42, 185, -1010],61
(4, 35, 5),0,[-44, 191, -1013],61
(4, 35, 5),0,[-38, 188, -1015],61
(4, 35, 6),0,[-40, 188, -1019],None
(4, 35, 6),0,[-41, 190, -1013],None
(4, 35, 7),0,[-39, 189, -1014],None
(4, 35, 7),0,[-40, 191, -1015],None
(4, 35, 8),0,[-40, 186, -1017],None
(4, 35, 8),0,[-39, 189, -1013],None
(4, 35, 9),0,[-41, 189, -1009],None
(4, 35, 9),0,[-42, 188, -1013],None
(4, 35, 10),0,[-39, 186, -1016],None
(4, 35, 10),0,[-43, 190, -1016],None
(4, 35, 11),0,[-42, 187, -1016],None
(4, 35, 11),0,[-42, 186, -1013],None
(4, 35, 12),0,[-39, 187, -1014],None
(4, 35, 12),0,[-41, 189, -1019],None
(4, 35, 13),0,[-41, 186, -1016],None
(4, 35, 13),0,[-40, 187, -1014],None
(4, 35, 14),0,[-40, 190, -1015],None
(4, 35, 15),0,[-41, 188, -1015],None
(4, 35, 15),0,[-39, 190, -1018],None
(4, 35, 15),0,[-42, 193, -1014],None
(4, 35, 16),0,[-42, 192, -1016],None
(4, 35, 16),0,[-40, 191, -1014],None
(4, 35, 17),0,[-40, 185, -1021],None
(4, 35, 17),0,[-37, 190, -1017],None
(4, 35, 18),0,[-36, 186, -1017],None
(4, 35, 18),0,[-38, 189, -1019],None
(4, 35, 19),0,[-39, 189, -1016],None
(4, 35, 19),0,[-41, 183, -1013],None
(4, 35, 20),0,[-39, 188, -1016],None
(4, 35, 20),0,[-41, 184, -1019],None
(4, 35, 21),0,[-36, 186, -1016],None
(4, 35, 21),0,[-42, 184, -1013],None
(4, 35, 22),0,[-37, 184, -1014],None
(4, 35, 22),0,[-34, 185, -1019],None
(4, 35, 23),0,[-39, 190, -1013],None
(4, 35, 23),0,[-38, 188, -1017],None
(4, 35, 24),0,[-37, 184, -1023],None
(4, 35, 24),0,[-37, 183, -1013],None
(4, 35, 25),0,[-41, 185, -1014],None
(4, 35, 25),0,[-43, 181, -1016],None
(4, 35, 26),0,[-40, 186, -1014],None
(4, 35, 26),0,[-39, 184, -1015],None
(4, 35, 27),0,[-37, 185, -1018],None
(4, 35, 27),0,[-40, 182, -1016],None
(4, 35, 28),0,[-39, 186, -1015],None
(4, 35, 28),0,[-40, 185, -1015],None
(4, 35, 28),0,[-40, 182, -1014],None
(4, 35, 29),0,[-39, 178, -1015],None
(4, 35, 30),0,[-39, 182, -1013],None
(4, 35, 30),0,[-42, 183, -1015],None
(4, 35, 31),0,[-37, 180, -1015],None
(4, 35, 31),0,[-37, 183, -1015],None
(4, 35, 32),0,[-38, 180, -1015],None
(4, 35, 32),0,[-41, 182, -1015],None
(4, 35, 33),0,[-40, 186, -1019],None
(4, 35, 33),0,[-39, 182, -1014],None
(4, 35, 33),0,[-34, 185, -1019],None
(4, 35, 34),0,[-38, 183, -1017],None
(4, 35, 34),0,[-37, 182, -1019],None
(4, 35, 35),0,[-40, 183, -1018],None
(4, 35, 36),0,[-42, 182, -1014],None
(4, 35, 36),0,[-37, 182, -1016],None
(4, 35, 37),0,[-38, 177, -1016],None
(4, 35, 37),0,[-38, 184, -1017],None
(4, 35, 38),0,[-41, 185, -1013],None
(4, 35, 38),0,[-36, 183, -1021],None
(4, 35, 38),0,[-39, 181, -1018],None
(4, 35, 39),0,[-37, 179, -1015],None
(4, 35, 39),0,[-38, 181, -1021],None
(4, 35, 40),0,[-38, 182, -1016],None
(4, 35, 41),0,[-39, 182, -1017],None
(4, 35, 41),0,[-36, 174, -1011],None
(4, 35, 42),0,[-35, 168, -1015],None
(4, 35, 42),0,[-37, 177, -1016],None
(4, 35, 42),0,[-36, 183, -1017],None
(4, 35, 43),0,[-35, 179, -1016],None
(4, 35, 43),0,[-35, 183, -1021],None
(4, 35, 44),0,[-33, 183, -1015],None
(4, 35, 44),0,[-36, 180, -1016],None
(4, 35, 45),0,[-37, 178, -1013],None
(4, 35, 45),0,[-36, 183, -1019],96
(4, 35, 46),0,[-39, 179, -1013],96
(4, 35, 47),0,[-35, 182, -1016],96
(4, 35, 47),0,[-35, 183, -1013],96
(4, 35, 47),0,[-38, 180, -1014],96
(4, 35, 48),0,[-38, 179, -1009],96
(4, 35, 48),0,[-38, 180, -1016],96
(4, 35, 49),0,[-35, 184, -1018],96
(4, 35, 49),0,[-35, 184, -1018],96
(4, 35, 50),0,[-37, 184, -1017],96
(4, 35, 50),0,[-39, 178, -1013],96
(4, 35, 51),0,[-33, 182, -1022],96
(4, 35, 52),0,[-38, 170, -1012],96
(4, 35, 52),0,[-37, 220, -1009],96
(4, 35, 52),0,[-67, 215, -985],96
(4, 35, 53),0,[-47, 173, -1016],96
(4, 35, 53),0,[-37, 179, -1020],96
(4, 35, 54),0,[-43, 184, -1018],96
(4, 35, 54),0,[-44, 184, -1020],96
(4, 35, 55),0,[-43, 183, -1021],96
(4, 35, 55),0,[-48, 180, -1012],96
(4, 35, 56),0,[-44, 184, -1015],96
(4, 35, 56),0,[-43, 179, -1016],96
(4, 35, 57),0,[-44, 189, -1017],96
(4, 35, 57),0,[-41, 170, -1016],96
(4, 35, 58),0,[-56, 200, -1001],96
(4, 35, 58),0,[-45, 152, -1006],96
(4, 35, 59),0,[-39, 162, -1017],96
(4, 35, 59),0,[-37, 150, -1017],96
(4, 36, 0),0,[-39, 165, -1016],96
(4, 36, 0),0,[-36, 158, -1013],96
(4, 36, 1),0,[-39, 162, -1019],96
(4, 36, 1),0,[-38, 161, -1020],96
(4, 36, 1),0,[-37, 162, -1020],96
(4, 36, 2),0,[-38, 158, -1019],96
(4, 36, 3),0,[-41, 163, -1019],96
(4, 36, 3),0,[-33, 162, -1020],96
(4, 36, 4),0,[-35, 163, -1020],96
(4, 36, 4),0,[-35, 165, -1021],96
(4, 36, 5),0,[-40, 160, -1019],96
(4, 36, 5),0,[-41, 167, -1020],96
(4, 36, 6),0,[-34, 165, -1023],96
(4, 36, 6),0,[-39, 166, -1019],96
(4, 36, 6),0,[-36, 169, -1016],96
(4, 36, 7),0,[-34, 162, -1021],96
(4, 36, 8),0,[-40, 166, -1018],96
(4, 36, 8),0,[-31, 156, -1026],96
(4, 36, 9),0,[-38, 154, -1021],96
(4, 36, 9),0,[-38, 159, -1019],96
(4, 36, 10),0,[-38, 162, -1019],96
(4, 36, 10),0,[-38, 163, -1012],96
(4, 36, 11),0,[-32, 156, -1021],96
(4, 36, 11),0,[-43, 164, -1024],96
(4, 36, 12),0,[-41, 164, -1017],96
(4, 36, 12),0,[-39, 166, -1012],96
(4, 36, 12),0,[-35, 166, -1017],96
(4, 36, 13),0,[-34, 163, -1018],96
(4, 36, 14),0,[-41, 163, -1014],96
(4, 36, 14),0,[-38, 162, -1019],96
(4, 36, 15),0,[-40, 161, -1017],96
(4, 36, 15),0,[-36, 159, -1017],96
(4, 36, 16),0,[-37, 156, -1018],96
(4, 36, 16),0,[-35, 159, -1018],96
(4, 36, 16),0,[-38, 163, -1019],96
(4, 36, 17),0,[-35, 158, -1014],96
(4, 36, 18),0,[-37, 160, -1021],96
(4, 36, 18),0,[-34, 167, -1022],96
(4, 36, 19),0,[-39, 156, -1016],96
(4, 36, 19),0,[-36, 159, -1021],96
(4, 36, 20),0,[-37, 160, -1023],96
(4, 36, 20),0,[-29, 160, -1025],96
(4, 36, 21),0,[-37, 157, -1019],96
(4, 36, 21),0,[-34, 157, -1019],96
(4, 36, 22),0,[-37, 154, -1021],96
(4, 36, 22),0,[-34, 161, -1023],96
(4, 36, 22),0,[-35, 159, -1021],96
(4, 36, 23),0,[-37, 161, -1014],96
(4, 36, 23),0,[-38, 165, -1018],96
(4, 36, 24),0,[-31, 164, -1019],96
(4, 36, 25),0,[-39, 174, -1020],96
(4, 36, 25),0,[-38, 149, -1016],128
(4, 36, 26),0,[-43, 162, -1021],128
(4, 36, 26),0,[-41, 173, -1018],128
(4, 36, 27),0,[-38, 157, -1015],128
(4, 36, 27),0,[-36, 156, -1020],128
(4, 36, 27),0,[-33, 147, -1021],128
(4, 36, 28),0,[-41, 147, -1018],128
(4, 36, 28),0,[-37, 154, -1022],128
(4, 36, 29),0,[-39, 147, -1015],128
(4, 36, 30),0,[-33, 150, -1029],128
(4, 36, 30),0,[-29, 149, -1023],128
(4, 36, 31),0,[-33, 156, -1025],128
(4, 36, 31),0,[-34, 147, -1021],128
(4, 36, 31),0,[-36, 149, -1017],128
(4, 36, 32),0,[-39, 152, -1016],128
(4, 36, 32),0,[-33, 156, -1022],128
(4, 36, 33),0,[-40, 149, -1022],128
(4, 36, 33),0,[-37, 148, -1019],128
(4, 36, 34),0,[-34, 154, -1021],128
(4, 36, 34),0,[-34, 149, -1024],128
(4, 36, 35),0,[-37, 149, -1013],128
(4, 36, 35),0,[-36, 160, -1015],128
(4, 36, 36),0,[-40, 144, -1017],128
(4, 36, 36),0,[-37, 147, -1017],128
(4, 36, 37),0,[-36, 159, -1024],128
(4, 36, 37),0,[-38, 151, -1023],128
(4, 36, 38),0,[-39, 145, -1020],128
(4, 36, 38),0,[-35, 157, -1023],128
(4, 36, 39),0,[-36, 146, -1021],128
(4, 36, 39),0,[-35, 148, -1024],128
(4, 36, 40),0,[-32, 155, -1029],128
(4, 36, 40),0,[-39, 147, -1024],128
(4, 36, 41),0,[-35, 156, -1021],128
(4, 36, 41),0,[-35, 150, -1017],128
(4, 36, 42),0,[-37, 145, -1017],128
(4, 36, 42),0,[-32, 171, -1023],128
(4, 36, 43),0,[-36, 152, -1017],128
(4, 36, 43),0,[-32, 151, -1025],128
(4, 36, 44),0,[-32, 154, -1019],128
(4, 36, 44),0,[-38, 146, -1013],128
(4, 36, 45),0,[-33, 158, -1024],128
(4, 36, 45),0,[-36, 158, -1020],128
(4, 36, 46),0,[-31, 161, -1020],128
(4, 36, 46),0,[-36, 153, -1023],128
(4, 36, 47),0,[-39, 157, -1015],128
(4, 36, 47),0,[-33, 151, -1025],128
(4, 36, 48),0,[-34, 146, -1021],128
(4, 36, 48),0,[-36, 152, -1020],128
(4, 36, 49),0,[-32, 157, -1017],128
(4, 36, 49),0,[-35, 148, -1020],128
(4, 36, 49),0,[-34, 152, -1020],128
(4, 36, 50),0,[-39, 156, -1023],128
(4, 36, 50),0,[-39, 155, -1018],128
(4, 36, 51),0,[-33, 147, -1018],128
(4, 36, 52),0,[-37, 156, -1019],128
(4, 36, 52),0,[-34, 153, -1017],128
(4, 36, 53),0,[-35, 151, -1024],128
(4, 36, 53),0,[-39, 156, -1023],128
(4, 36, 54),0,[-37, 149, -1020],128
(4, 36, 54),0,[-34, 156, -1023],128
(4, 36, 54),0,[-32, 158, -1020],128
(4, 36, 55),0,[-40, 152, -1019],128
(4, 36, 55),0,[-36, 147, -1028],128
(4, 36, 56),0,[-39, 150, -1020],128
(4, 36, 57),0,[-35, 155, -1019],128
(4, 36, 57),0,[-38, 153, -1019],128
(4, 36, 58),0,[-32, 152, -1022],128
(4, 36, 58),0,[-36, 147, -1021],128
(4, 36, 59),0,[-36, 154, -1017],128
(4, 36, 59),0,[-33, 155, -1020],128
(4, 36, 59),0,[-39, 155, -1019],128
(4, 37, 0),0,[-35, 154, -1022],128
(4, 37, 0),0,[-34, 155, -1019],128
(4, 37, 1),0,[-35, 151, -1019],128
(4, 37, 1),0,[-36, 152, -1022],128
(4, 37, 2),0,[-33, 154, -1026],128
(4, 37, 3),0,[-34, 149, -1023],128
(4, 37, 3),0,[-36, 151, -1023],128
(4, 37, 3),0,[-36, 149, -1017],128
(4, 37, 4),0,[-35, 148, -1018],128
(4, 37, 4),0,[-33, 151, -1023],144
(4, 37, 5),0,[-35, 150, -1022],144
(4, 37, 5),0,[-35, 150, -1021],144
(4, 37, 6),0,[-32, 154, -1020],144
(4, 37, 6),0,[-37, 153, -1016],144
(4, 37, 7),0,[-35, 151, -1019],144
(4, 37, 8),0,[-36, 150, -1019],144
(4, 37, 8),0,[-35, 154, -1017],144
(4, 37, 8),0,[-32, 151, -1021],144
(4, 37, 9),0,[-37, 151, -1017],144
(4, 37, 9),0,[-39, 152, -1016],144
(4, 37, 10),0,[-37, 152, -1017],144
(4, 37, 10),0,[-32, 151, -1022],144
(4, 37, 11),0,[-35, 151, -1015],144
(4, 37, 11),0,[-31, 148, -1022],144
(4, 37, 12),0,[-34, 152, -1023],144
(4, 37, 12),0,[-35, 148, -1021],144
(4, 37, 13),0,[-36, 150, -1025],144
(4, 37, 13),0,[-36, 150, -1016],144
(4, 37, 14),0,[-35, 148, -1017],144
(4, 37, 14),0,[-37, 151, -1018],144
(4, 37, 15),0,[-36, 148, -1020],144
(4, 37, 15),0,[-34, 148, -1020],144
(4, 37, 16),0,[-34, 145, -1021],144
(4, 37, 16),0,[-32, 143, -1023],144
(4, 37, 17),0,[-37, 147, -1023],144
(4, 37, 17),0,[-38, 143, -1019],144
(4, 37, 18),0,[-36, 146, -1022],144
(4, 37, 18),0,[-34, 144, -1019],144
(4, 37, 19),0,[-37, 149, -1023],144
(4, 37, 19),0,[-33, 145, -1023],144
(4, 37, 20),0,[-34, 147, -1022],144
(4, 37, 20),0,[-35, 145, -1017],144
(4, 37, 21),0,[-36, 145, -1020],144
(4, 37, 21),0,[-34, 151, -1023],144
(4, 37, 22),0,[-35, 143, -1021],144
(4, 37, 22),0,[-34, 146, -1019],144
(4, 37, 22),0,[-36, 150, -1017],144
(4, 37, 23),0,[-34, 149, -1022],144
(4, 37, 24),0,[-33, 146, -1021],144
(4, 37, 24),0,[-32, 149, -1022],144
(4, 37, 25),0,[-35, 146, -1024],144
(4, 37, 25),0,[-36, 147, -1027],144
(4, 37, 26),0,[-37, 147, -1017],144
(4, 37, 26),0,[-37, 147, -1018],144
(4, 37, 27),0,[-36, 147, -1023],144
(4, 37, 27),0,[-40, 146, -1023],144
(4, 37, 27),0,[-35, 147, -1024],144
(4, 37, 28),0,[-34, 148, -1019],144
(4, 37, 28),0,[-34, 146, -1023],144
(4, 37, 29),0,[-34, 144, -1023],144
(4, 37, 30),0,[-38, 146, -1019],144
(4, 37, 30),0,[-38, 148, -1022],144
(4, 37, 31),0,[-36, 146, -1022],144
(4, 37, 31),0,[-36, 147, -1021],144
(4, 37, 31),0,[-37, 148, -1021],144
(4, 37, 32),0,[-37, 144, -1021],144
(4, 37, 32),0,[-35, 146, -1022],144
(4, 37, 33),0,[-33, 146, -1019],144
(4, 37, 33),0,[-36, 149, -1025],144
(4, 37, 34),0,[-35, 149, -1019],144
(4, 37, 35),0,[-41, 160, -1013],144
(4, 37, 35),0,[-59, 116, -970],144
(4, 37, 35),0,[-37, 143, -1018],144
(4, 37, 36),0,[-42, 151, -1017],144
(4, 37, 36),0,[-41, 142, -1021],144
(4, 37, 37),0,[-39, 144, -1023],144
(4, 37, 37),0,[-34, 156, -1023],144
(4, 37, 38),0,[-41, 143, -1019],144
(4, 37, 38),0,[-34, 154, -1020],144
(4, 37, 39),0,[-36, 148, -1020],144
(4, 37, 39),0,[-38, 149, -1022],144
(4, 37, 41),0,[-29, 144, -1023],144
(4, 37, 41),0,[-36, 150, -1026],144
(4, 37, 41),0,[-37, 128, -1016],144
(4, 37, 42),0,[-32, 134, -1024],144
(4, 37, 42),0,[-34, 141, -1022],144
(4, 37, 43),0,[-36, 144, -1018],144
(4, 37, 43),0,[-32, 141, -1017],144
(4, 37, 44),0,[-32, 144, -1021],144
(4, 37, 44),0,[-36, 145, -1022],160
(4, 37, 45),0,[-39, 146, -1021],160
(4, 37, 45),0,[-34, 142, -1023],160
(4, 37, 46),0,[-41, 155, -1010],160
(4, 37, 46),0,[-14, 227, -1010],160
(4, 37, 47),0,[-63, 197, -1019],160
(4, 37, 47),0,[-57, 205, -1001],160
